This is pdfTeX, Version 3.1415926-2.4-1.40.13 (MiKTeX 2.9 64-bit) (preloaded format=pdflatex 2013.8.29)  10 AUG 2017 18:17
entering extended mode
**EPA_exit.tex
(M:\presentations\EPA_exit\EPA_exit.tex
LaTeX2e <2011/06/27>
Babel <v3.8m> and hyphenation patterns for english, afrikaans, ancientgreek, ar
abic, armenian, assamese, basque, bengali, bokmal, bulgarian, catalan, coptic, 
croatian, czech, danish, dutch, esperanto, estonian, farsi, finnish, french, ga
lician, german, german-x-2012-05-30, greek, gujarati, hindi, hungarian, iceland
ic, indonesian, interlingua, irish, italian, kannada, kurmanji, latin, latvian,
 lithuanian, malayalam, marathi, mongolian, mongolianlmc, monogreek, ngerman, n
german-x-2012-05-30, nynorsk, oriya, panjabi, pinyin, polish, portuguese, roman
ian, russian, sanskrit, serbian, slovak, slovenian, spanish, swedish, swissgerm
an, tamil, telugu, turkish, turkmen, ukenglish, ukrainian, uppersorbian, usengl
ishmax, welsh, loaded.
(C:\Users\mbeck\AppData\Roaming\MiKTeX\2.9\tex\latex\beamer\base\beamer.cls
(C:\Users\mbeck\AppData\Roaming\MiKTeX\2.9\tex\latex\beamer\base\beamerbasercs.
sty
Package: beamerbasercs 2013/04/04 (rcs-revision 7b8d65c07caf)
)
Document Class: beamer 2013/04/04 3.27 A class for typesetting presentations (r
cs-revision dca7db0ccda1)

(C:\Users\mbeck\AppData\Roaming\MiKTeX\2.9\tex\latex\beamer\base\beamerbasemode
s.sty
Package: beamerbasemodes 2012/04/15 (rcs-revision cc6557182d97)
\beamer@tempbox=\box26
\beamer@tempcount=\count79
\c@beamerpauses=\count80

(C:\Users\mbeck\AppData\Roaming\MiKTeX\2.9\tex\latex\beamer\base\beamerbasedeco
de.sty
Package: beamerbasedecode 2010/05/01 (rcs-revision efa082c6111d)
\beamer@slideinframe=\count81
\beamer@minimum=\count82
)
\beamer@commentbox=\box27
\beamer@modecount=\count83
) ("C:\Program Files\MiKTeX 2.9\tex\generic\oberdiek\ifpdf.sty"
Package: ifpdf 2011/01/30 v2.3 Provides the ifpdf switch (HO)
Package ifpdf Info: pdfTeX in PDF mode is detected.
)
\headheight=\dimen102
\headdp=\dimen103
\footheight=\dimen104
\sidebarheight=\dimen105
\beamer@tempdim=\dimen106
\beamer@finalheight=\dimen107
\beamer@animht=\dimen108
\beamer@animdp=\dimen109
\beamer@animwd=\dimen110
\beamer@leftmargin=\dimen111
\beamer@rightmargin=\dimen112
\beamer@leftsidebar=\dimen113
\beamer@rightsidebar=\dimen114
\beamer@boxsize=\dimen115
\beamer@vboxoffset=\dimen116
\beamer@descdefault=\dimen117
\beamer@descriptionwidth=\dimen118
\beamer@lastskip=\skip41
\beamer@areabox=\box28
\beamer@animcurrent=\box29
\beamer@animshowbox=\box30
\beamer@sectionbox=\box31
\beamer@logobox=\box32
\beamer@linebox=\box33
\beamer@sectioncount=\count84
\beamer@subsubsectionmax=\count85
\beamer@subsectionmax=\count86
\beamer@sectionmax=\count87
\beamer@totalheads=\count88
\beamer@headcounter=\count89
\beamer@partstartpage=\count90
\beamer@sectionstartpage=\count91
\beamer@subsectionstartpage=\count92
\beamer@animationtempa=\count93
\beamer@animationtempb=\count94
\beamer@xpos=\count95
\beamer@ypos=\count96
\beamer@showpartnumber=\count97
\beamer@currentsubsection=\count98
\beamer@coveringdepth=\count99
\beamer@sectionadjust=\count100
\beamer@tocsectionnumber=\count101

(C:\Users\mbeck\AppData\Roaming\MiKTeX\2.9\tex\latex\beamer\base\beamerbaseopti
ons.sty
Package: beamerbaseoptions 2013/03/10 (rcs-revision 47431932db0d)
 ("C:\Program Files\MiKTeX 2.9\tex\latex\graphics\keyval.sty"
Package: keyval 1999/03/16 v1.13 key=value parser (DPC)
\KV@toks@=\toks14
))
\beamer@paperwidth=\skip42
\beamer@paperheight=\skip43

("C:\Program Files\MiKTeX 2.9\tex\latex\geometry\geometry.sty"
Package: geometry 2010/09/12 v5.6 Page Geometry

("C:\Program Files\MiKTeX 2.9\tex\generic\oberdiek\ifvtex.sty"
Package: ifvtex 2010/03/01 v1.5 Detect VTeX and its facilities (HO)
Package ifvtex Info: VTeX not detected.
)
("C:\Program Files\MiKTeX 2.9\tex\generic\ifxetex\ifxetex.sty"
Package: ifxetex 2010/09/12 v0.6 Provides ifxetex conditional
)
\Gm@cnth=\count102
\Gm@cntv=\count103
\c@Gm@tempcnt=\count104
\Gm@bindingoffset=\dimen119
\Gm@wd@mp=\dimen120
\Gm@odd@mp=\dimen121
\Gm@even@mp=\dimen122
\Gm@layoutwidth=\dimen123
\Gm@layoutheight=\dimen124
\Gm@layouthoffset=\dimen125
\Gm@layoutvoffset=\dimen126
\Gm@dimlist=\toks15

("C:\Program Files\MiKTeX 2.9\tex\latex\geometry\geometry.cfg"))

Class beamer Warning: ``serif'' is obsolete. Use font theme ``serif'' instead o
n input line 348.

("C:\Program Files\MiKTeX 2.9\tex\latex\base\size11.clo"
File: size11.clo 2007/10/19 v1.4h Standard LaTeX file (size option)
)
(C:\Users\mbeck\AppData\Roaming\MiKTeX\2.9\tex\latex\pgf\basiclayer\pgfcore.sty
("C:\Program Files\MiKTeX 2.9\tex\latex\graphics\graphicx.sty"
Package: graphicx 1999/02/16 v1.0f Enhanced LaTeX Graphics (DPC,SPQR)

("C:\Program Files\MiKTeX 2.9\tex\latex\graphics\graphics.sty"
Package: graphics 2009/02/05 v1.0o Standard LaTeX Graphics (DPC,SPQR)

("C:\Program Files\MiKTeX 2.9\tex\latex\graphics\trig.sty"
Package: trig 1999/03/16 v1.09 sin cos tan (DPC)
)
("C:\Program Files\MiKTeX 2.9\tex\latex\00miktex\graphics.cfg"
File: graphics.cfg 2007/01/18 v1.5 graphics configuration of teTeX/TeXLive
)
Package graphics Info: Driver file: pdftex.def on input line 91.

("C:\Program Files\MiKTeX 2.9\tex\latex\pdftex-def\pdftex.def"
File: pdftex.def 2011/05/27 v0.06d Graphics/color for pdfTeX

("C:\Program Files\MiKTeX 2.9\tex\generic\oberdiek\infwarerr.sty"
Package: infwarerr 2010/04/08 v1.3 Providing info/warning/error messages (HO)
)
("C:\Program Files\MiKTeX 2.9\tex\generic\oberdiek\ltxcmds.sty"
Package: ltxcmds 2011/11/09 v1.22 LaTeX kernel commands for general use (HO)
)
\Gread@gobject=\count105
))
\Gin@req@height=\dimen127
\Gin@req@width=\dimen128
)
(C:\Users\mbeck\AppData\Roaming\MiKTeX\2.9\tex\latex\pgf\systemlayer\pgfsys.sty
(C:\Users\mbeck\AppData\Roaming\MiKTeX\2.9\tex\latex\pgf\utilities\pgfrcs.sty
(C:\Users\mbeck\AppData\Roaming\MiKTeX\2.9\tex\generic\pgf\utilities\pgfutil-co
mmon.tex
\pgfutil@everybye=\toks16
\pgfutil@tempdima=\dimen129
\pgfutil@tempdimb=\dimen130

(C:\Users\mbeck\AppData\Roaming\MiKTeX\2.9\tex\generic\pgf\utilities\pgfutil-co
mmon-lists.tex))
(C:\Users\mbeck\AppData\Roaming\MiKTeX\2.9\tex\generic\pgf\utilities\pgfutil-la
tex.def
\pgfutil@abb=\box34
 (C:\Users\mbeck\AppData\Roaming\MiKTeX\2.9\tex\latex\ms\everyshi.sty
Package: everyshi 2001/05/15 v3.00 EveryShipout Package (MS)
))
(C:\Users\mbeck\AppData\Roaming\MiKTeX\2.9\tex\generic\pgf\utilities\pgfrcs.cod
e.tex
Package: pgfrcs 2015/08/07 v3.0.1a (rcs-revision 1.31)
))
(C:\Users\mbeck\AppData\Roaming\MiKTeX\2.9\tex\generic\pgf\systemlayer\pgfsys.c
ode.tex
Package: pgfsys 2014/07/09 v3.0.1a (rcs-revision 1.48)

(C:\Users\mbeck\AppData\Roaming\MiKTeX\2.9\tex\generic\pgf\utilities\pgfkeys.co
de.tex
\pgfkeys@pathtoks=\toks17
\pgfkeys@temptoks=\toks18

(C:\Users\mbeck\AppData\Roaming\MiKTeX\2.9\tex\generic\pgf\utilities\pgfkeysfil
tered.code.tex
\pgfkeys@tmptoks=\toks19
))
\pgf@x=\dimen131
\pgf@y=\dimen132
\pgf@xa=\dimen133
\pgf@ya=\dimen134
\pgf@xb=\dimen135
\pgf@yb=\dimen136
\pgf@xc=\dimen137
\pgf@yc=\dimen138
\w@pgf@writea=\write3
\r@pgf@reada=\read1
\c@pgf@counta=\count106
\c@pgf@countb=\count107
\c@pgf@countc=\count108
\c@pgf@countd=\count109
\t@pgf@toka=\toks20
\t@pgf@tokb=\toks21
\t@pgf@tokc=\toks22

(C:\Users\mbeck\AppData\Roaming\MiKTeX\2.9\tex\generic\pgf\systemlayer\pgf.cfg
File: pgf.cfg 2008/05/14  (rcs-revision 1.7)
)
Driver file for pgf: pgfsys-pdftex.def

(C:\Users\mbeck\AppData\Roaming\MiKTeX\2.9\tex\generic\pgf\systemlayer\pgfsys-p
dftex.def
File: pgfsys-pdftex.def 2014/10/11  (rcs-revision 1.35)

(C:\Users\mbeck\AppData\Roaming\MiKTeX\2.9\tex\generic\pgf\systemlayer\pgfsys-c
ommon-pdf.def
File: pgfsys-common-pdf.def 2013/10/10  (rcs-revision 1.13)
)))
(C:\Users\mbeck\AppData\Roaming\MiKTeX\2.9\tex\generic\pgf\systemlayer\pgfsysso
ftpath.code.tex
File: pgfsyssoftpath.code.tex 2013/09/09  (rcs-revision 1.9)
\pgfsyssoftpath@smallbuffer@items=\count110
\pgfsyssoftpath@bigbuffer@items=\count111
)
(C:\Users\mbeck\AppData\Roaming\MiKTeX\2.9\tex\generic\pgf\systemlayer\pgfsyspr
otocol.code.tex
File: pgfsysprotocol.code.tex 2006/10/16  (rcs-revision 1.4)
))
(C:\Users\mbeck\AppData\Roaming\MiKTeX\2.9\tex\latex\xcolor\xcolor.sty
Package: xcolor 2007/01/21 v2.11 LaTeX color extensions (UK)

("C:\Program Files\MiKTeX 2.9\tex\latex\00miktex\color.cfg"
File: color.cfg 2007/01/18 v1.5 color configuration of teTeX/TeXLive
)
Package xcolor Info: Driver file: pdftex.def on input line 225.
Package xcolor Info: Model `cmy' substituted by `cmy0' on input line 1337.
Package xcolor Info: Model `hsb' substituted by `rgb' on input line 1341.
Package xcolor Info: Model `RGB' extended on input line 1353.
Package xcolor Info: Model `HTML' substituted by `rgb' on input line 1355.
Package xcolor Info: Model `Hsb' substituted by `hsb' on input line 1356.
Package xcolor Info: Model `tHsb' substituted by `hsb' on input line 1357.
Package xcolor Info: Model `HSB' substituted by `hsb' on input line 1358.
Package xcolor Info: Model `Gray' substituted by `gray' on input line 1359.
Package xcolor Info: Model `wave' substituted by `hsb' on input line 1360.
)
(C:\Users\mbeck\AppData\Roaming\MiKTeX\2.9\tex\generic\pgf\basiclayer\pgfcore.c
ode.tex
Package: pgfcore 2010/04/11 v3.0.1a (rcs-revision 1.7)

(C:\Users\mbeck\AppData\Roaming\MiKTeX\2.9\tex\generic\pgf\math\pgfmath.code.te
x
(C:\Users\mbeck\AppData\Roaming\MiKTeX\2.9\tex\generic\pgf\math\pgfmathcalc.cod
e.tex
(C:\Users\mbeck\AppData\Roaming\MiKTeX\2.9\tex\generic\pgf\math\pgfmathutil.cod
e.tex)
(C:\Users\mbeck\AppData\Roaming\MiKTeX\2.9\tex\generic\pgf\math\pgfmathparser.c
ode.tex
\pgfmath@dimen=\dimen139
\pgfmath@count=\count112
\pgfmath@box=\box35
\pgfmath@toks=\toks23
\pgfmath@stack@operand=\toks24
\pgfmath@stack@operation=\toks25
)
(C:\Users\mbeck\AppData\Roaming\MiKTeX\2.9\tex\generic\pgf\math\pgfmathfunction
s.code.tex
(C:\Users\mbeck\AppData\Roaming\MiKTeX\2.9\tex\generic\pgf\math\pgfmathfunction
s.basic.code.tex)
(C:\Users\mbeck\AppData\Roaming\MiKTeX\2.9\tex\generic\pgf\math\pgfmathfunction
s.trigonometric.code.tex)
(C:\Users\mbeck\AppData\Roaming\MiKTeX\2.9\tex\generic\pgf\math\pgfmathfunction
s.random.code.tex)
(C:\Users\mbeck\AppData\Roaming\MiKTeX\2.9\tex\generic\pgf\math\pgfmathfunction
s.comparison.code.tex)
(C:\Users\mbeck\AppData\Roaming\MiKTeX\2.9\tex\generic\pgf\math\pgfmathfunction
s.base.code.tex)
(C:\Users\mbeck\AppData\Roaming\MiKTeX\2.9\tex\generic\pgf\math\pgfmathfunction
s.round.code.tex)
(C:\Users\mbeck\AppData\Roaming\MiKTeX\2.9\tex\generic\pgf\math\pgfmathfunction
s.misc.code.tex)
(C:\Users\mbeck\AppData\Roaming\MiKTeX\2.9\tex\generic\pgf\math\pgfmathfunction
s.integerarithmetics.code.tex)))
(C:\Users\mbeck\AppData\Roaming\MiKTeX\2.9\tex\generic\pgf\math\pgfmathfloat.co
de.tex
\c@pgfmathroundto@lastzeros=\count113
))
(C:\Users\mbeck\AppData\Roaming\MiKTeX\2.9\tex\generic\pgf\basiclayer\pgfcorepo
ints.code.tex
File: pgfcorepoints.code.tex 2013/10/07  (rcs-revision 1.27)
\pgf@picminx=\dimen140
\pgf@picmaxx=\dimen141
\pgf@picminy=\dimen142
\pgf@picmaxy=\dimen143
\pgf@pathminx=\dimen144
\pgf@pathmaxx=\dimen145
\pgf@pathminy=\dimen146
\pgf@pathmaxy=\dimen147
\pgf@xx=\dimen148
\pgf@xy=\dimen149
\pgf@yx=\dimen150
\pgf@yy=\dimen151
\pgf@zx=\dimen152
\pgf@zy=\dimen153
)
(C:\Users\mbeck\AppData\Roaming\MiKTeX\2.9\tex\generic\pgf\basiclayer\pgfcorepa
thconstruct.code.tex
File: pgfcorepathconstruct.code.tex 2013/10/07  (rcs-revision 1.29)
\pgf@path@lastx=\dimen154
\pgf@path@lasty=\dimen155
)
(C:\Users\mbeck\AppData\Roaming\MiKTeX\2.9\tex\generic\pgf\basiclayer\pgfcorepa
thusage.code.tex
File: pgfcorepathusage.code.tex 2014/11/02  (rcs-revision 1.24)
\pgf@shorten@end@additional=\dimen156
\pgf@shorten@start@additional=\dimen157
)
(C:\Users\mbeck\AppData\Roaming\MiKTeX\2.9\tex\generic\pgf\basiclayer\pgfcoresc
opes.code.tex
File: pgfcorescopes.code.tex 2015/05/08  (rcs-revision 1.46)
\pgfpic=\box36
\pgf@hbox=\box37
\pgf@layerbox@main=\box38
\pgf@picture@serial@count=\count114
)
(C:\Users\mbeck\AppData\Roaming\MiKTeX\2.9\tex\generic\pgf\basiclayer\pgfcoregr
aphicstate.code.tex
File: pgfcoregraphicstate.code.tex 2014/11/02  (rcs-revision 1.12)
\pgflinewidth=\dimen158
)
(C:\Users\mbeck\AppData\Roaming\MiKTeX\2.9\tex\generic\pgf\basiclayer\pgfcoretr
ansformations.code.tex
File: pgfcoretransformations.code.tex 2015/08/07  (rcs-revision 1.20)
\pgf@pt@x=\dimen159
\pgf@pt@y=\dimen160
\pgf@pt@temp=\dimen161
)
(C:\Users\mbeck\AppData\Roaming\MiKTeX\2.9\tex\generic\pgf\basiclayer\pgfcorequ
ick.code.tex
File: pgfcorequick.code.tex 2008/10/09  (rcs-revision 1.3)
)
(C:\Users\mbeck\AppData\Roaming\MiKTeX\2.9\tex\generic\pgf\basiclayer\pgfcoreob
jects.code.tex
File: pgfcoreobjects.code.tex 2006/10/11  (rcs-revision 1.2)
)
(C:\Users\mbeck\AppData\Roaming\MiKTeX\2.9\tex\generic\pgf\basiclayer\pgfcorepa
thprocessing.code.tex
File: pgfcorepathprocessing.code.tex 2013/09/09  (rcs-revision 1.9)
)
(C:\Users\mbeck\AppData\Roaming\MiKTeX\2.9\tex\generic\pgf\basiclayer\pgfcorear
rows.code.tex
File: pgfcorearrows.code.tex 2015/05/14  (rcs-revision 1.43)
\pgfarrowsep=\dimen162
)
(C:\Users\mbeck\AppData\Roaming\MiKTeX\2.9\tex\generic\pgf\basiclayer\pgfcoresh
ade.code.tex
File: pgfcoreshade.code.tex 2013/07/15  (rcs-revision 1.15)
\pgf@max=\dimen163
\pgf@sys@shading@range@num=\count115
)
(C:\Users\mbeck\AppData\Roaming\MiKTeX\2.9\tex\generic\pgf\basiclayer\pgfcoreim
age.code.tex
File: pgfcoreimage.code.tex 2013/07/15  (rcs-revision 1.18)

(C:\Users\mbeck\AppData\Roaming\MiKTeX\2.9\tex\generic\pgf\basiclayer\pgfcoreex
ternal.code.tex
File: pgfcoreexternal.code.tex 2014/07/09  (rcs-revision 1.21)
\pgfexternal@startupbox=\box39
))
(C:\Users\mbeck\AppData\Roaming\MiKTeX\2.9\tex\generic\pgf\basiclayer\pgfcorela
yers.code.tex
File: pgfcorelayers.code.tex 2013/07/18  (rcs-revision 1.7)
)
(C:\Users\mbeck\AppData\Roaming\MiKTeX\2.9\tex\generic\pgf\basiclayer\pgfcoretr
ansparency.code.tex
File: pgfcoretransparency.code.tex 2013/09/30  (rcs-revision 1.5)
)
(C:\Users\mbeck\AppData\Roaming\MiKTeX\2.9\tex\generic\pgf\basiclayer\pgfcorepa
tterns.code.tex
File: pgfcorepatterns.code.tex 2013/11/07  (rcs-revision 1.5)
)))
(C:\Users\mbeck\AppData\Roaming\MiKTeX\2.9\tex\latex\pgf\utilities\xxcolor.sty
Package: xxcolor 2003/10/24 ver 0.1
\XC@nummixins=\count116
\XC@countmixins=\count117
) ("C:\Program Files\MiKTeX 2.9\tex\latex\hyperref\hyperref.sty"
Package: hyperref 2012/11/06 v6.83m Hypertext links for LaTeX

("C:\Program Files\MiKTeX 2.9\tex\generic\oberdiek\hobsub-hyperref.sty"
Package: hobsub-hyperref 2012/04/25 v1.12 Bundle oberdiek, subset hyperref (HO)


("C:\Program Files\MiKTeX 2.9\tex\generic\oberdiek\hobsub-generic.sty"
Package: hobsub-generic 2012/04/25 v1.12 Bundle oberdiek, subset generic (HO)
Package: hobsub 2012/04/25 v1.12 Construct package bundles (HO)
Package hobsub Info: Skipping package `infwarerr' (already loaded).
Package hobsub Info: Skipping package `ltxcmds' (already loaded).
Package: ifluatex 2010/03/01 v1.3 Provides the ifluatex switch (HO)
Package ifluatex Info: LuaTeX not detected.
Package hobsub Info: Skipping package `ifvtex' (already loaded).
Package: intcalc 2007/09/27 v1.1 Expandable calculations with integers (HO)
Package hobsub Info: Skipping package `ifpdf' (already loaded).
Package: etexcmds 2011/02/16 v1.5 Avoid name clashes with e-TeX commands (HO)
Package etexcmds Info: Could not find \expanded.
(etexcmds)             That can mean that you are not using pdfTeX 1.50 or
(etexcmds)             that some package has redefined \expanded.
(etexcmds)             In the latter case, load this package earlier.
Package: kvsetkeys 2012/04/25 v1.16 Key value parser (HO)
Package: kvdefinekeys 2011/04/07 v1.3 Define keys (HO)
Package: pdftexcmds 2011/11/29 v0.20 Utility functions of pdfTeX for LuaTeX (HO
)
Package pdftexcmds Info: LuaTeX not detected.
Package pdftexcmds Info: \pdf@primitive is available.
Package pdftexcmds Info: \pdf@ifprimitive is available.
Package pdftexcmds Info: \pdfdraftmode found.
Package: pdfescape 2011/11/25 v1.13 Implements pdfTeX's escape features (HO)
Package: bigintcalc 2012/04/08 v1.3 Expandable calculations on big integers (HO
)
Package: bitset 2011/01/30 v1.1 Handle bit-vector datatype (HO)
Package: uniquecounter 2011/01/30 v1.2 Provide unlimited unique counter (HO)
)
Package hobsub Info: Skipping package `hobsub' (already loaded).
Package: letltxmacro 2010/09/02 v1.4 Let assignment for LaTeX macros (HO)
Package: hopatch 2011/06/24 v1.1 Wrapper for package hooks (HO)
Package: xcolor-patch 2011/01/30 xcolor patch
Package: atveryend 2011/06/30 v1.8 Hooks at the very end of document (HO)
Package atveryend Info: \enddocument detected (standard20110627).
Package: atbegshi 2011/10/05 v1.16 At begin shipout hook (HO)
Package: refcount 2011/10/16 v3.4 Data extraction from label references (HO)
Package: hycolor 2011/01/30 v1.7 Color options for hyperref/bookmark (HO)
)
("C:\Program Files\MiKTeX 2.9\tex\latex\oberdiek\auxhook.sty"
Package: auxhook 2011/03/04 v1.3 Hooks for auxiliary files (HO)
)
("C:\Program Files\MiKTeX 2.9\tex\latex\oberdiek\kvoptions.sty"
Package: kvoptions 2011/06/30 v3.11 Key value format for package options (HO)
)
\@linkdim=\dimen164
\Hy@linkcounter=\count118
\Hy@pagecounter=\count119

("C:\Program Files\MiKTeX 2.9\tex\latex\hyperref\pd1enc.def"
File: pd1enc.def 2012/11/06 v6.83m Hyperref: PDFDocEncoding definition (HO)
)
\Hy@SavedSpaceFactor=\count120

("C:\Program Files\MiKTeX 2.9\tex\latex\00miktex\hyperref.cfg"
File: hyperref.cfg 2002/06/06 v1.2 hyperref configuration of TeXLive
)
Package hyperref Info: Option `bookmarks' set `true' on input line 4319.
Package hyperref Info: Option `bookmarksopen' set `true' on input line 4319.
Package hyperref Info: Option `implicit' set `false' on input line 4319.
Package hyperref Info: Hyper figures OFF on input line 4443.
Package hyperref Info: Link nesting OFF on input line 4448.
Package hyperref Info: Hyper index ON on input line 4451.
Package hyperref Info: Plain pages OFF on input line 4458.
Package hyperref Info: Backreferencing OFF on input line 4463.
Package hyperref Info: Implicit mode OFF; no redefinition of LaTeX internals.
Package hyperref Info: Bookmarks ON on input line 4688.
\c@Hy@tempcnt=\count121

("C:\Program Files\MiKTeX 2.9\tex\latex\ltxmisc\url.sty"
\Urlmuskip=\muskip10
Package: url 2006/04/12  ver 3.3  Verb mode for urls, etc.
)
LaTeX Info: Redefining \url on input line 5041.
\XeTeXLinkMargin=\dimen165
\Fld@menulength=\count122
\Field@Width=\dimen166
\Fld@charsize=\dimen167
Package hyperref Info: Hyper figures OFF on input line 6295.
Package hyperref Info: Link nesting OFF on input line 6300.
Package hyperref Info: Hyper index ON on input line 6303.
Package hyperref Info: backreferencing OFF on input line 6310.
Package hyperref Info: Link coloring OFF on input line 6315.
Package hyperref Info: Link coloring with OCG OFF on input line 6320.
Package hyperref Info: PDF/A mode OFF on input line 6325.
LaTeX Info: Redefining \ref on input line 6365.
LaTeX Info: Redefining \pageref on input line 6369.
\Hy@abspage=\count123


Package hyperref Message: Stopped early.

)

Package hyperref Message: Driver (autodetected): hpdftex.

("C:\Program Files\MiKTeX 2.9\tex\latex\hyperref\hpdftex.def"
File: hpdftex.def 2012/11/06 v6.83m Hyperref driver for pdfTeX
\Fld@listcount=\count124
\c@bookmark@seq@number=\count125

("C:\Program Files\MiKTeX 2.9\tex\latex\oberdiek\rerunfilecheck.sty"
Package: rerunfilecheck 2011/04/15 v1.7 Rerun checks for auxiliary files (HO)
Package uniquecounter Info: New unique counter `rerunfilecheck' on input line 2
82.
))
(C:\Users\mbeck\AppData\Roaming\MiKTeX\2.9\tex\latex\beamer\base\beamerbaserequ
ires.sty
Package: beamerbaserequires 2010/05/01  (rcs-revision efa082c6111d)

(C:\Users\mbeck\AppData\Roaming\MiKTeX\2.9\tex\latex\beamer\base\beamerbasecomp
atibility.sty
Package: beamerbasecompatibility 2012/05/01  (rcs-revision 67c48b3b652d)
)
(C:\Users\mbeck\AppData\Roaming\MiKTeX\2.9\tex\latex\beamer\base\beamerbasefont
.sty
Package: beamerbasefont 2013/06/04  (rcs-revision e18016724886)
 ("C:\Program Files\MiKTeX 2.9\tex\latex\amsfonts\amssymb.sty"
Package: amssymb 2013/01/14 v3.01 AMS font symbols

("C:\Program Files\MiKTeX 2.9\tex\latex\amsfonts\amsfonts.sty"
Package: amsfonts 2013/01/14 v3.01 Basic AMSFonts support
\@emptytoks=\toks26
\symAMSa=\mathgroup4
\symAMSb=\mathgroup5
LaTeX Font Info:    Overwriting math alphabet `\mathfrak' in version `bold'
(Font)                  U/euf/m/n --> U/euf/b/n on input line 106.
)))
(C:\Users\mbeck\AppData\Roaming\MiKTeX\2.9\tex\latex\beamer\base\beamerbasetran
slator.sty
Package: beamerbasetranslator 2010/06/11  (rcs-revision 85fd1cc7fc42)

(C:\Users\mbeck\AppData\Roaming\MiKTeX\2.9\tex\latex\beamer\base\translator\tra
nslator.sty
Package: translator 2010/06/12 ver 1.10

(C:\Users\mbeck\AppData\Roaming\MiKTeX\2.9\tex\latex\beamer\base\translator\tra
nslator-language-mappings.tex)))
(C:\Users\mbeck\AppData\Roaming\MiKTeX\2.9\tex\latex\beamer\base\beamerbasemisc
.sty
Package: beamerbasemisc 2012/02/24  (rcs-revision 2ff5461be705)
)
(C:\Users\mbeck\AppData\Roaming\MiKTeX\2.9\tex\latex\beamer\base\beamerbasetwos
creens.sty
Package: beamerbasetwoscreens 2010/05/01  (rcs-revision efa082c6111d)
)
(C:\Users\mbeck\AppData\Roaming\MiKTeX\2.9\tex\latex\beamer\base\beamerbaseover
lay.sty
Package: beamerbaseoverlay 2012/11/11  (rcs-revision 6afbc49b1109)
\beamer@argscount=\count126
\beamer@lastskipcover=\skip44
\beamer@trivlistdepth=\count127
)
(C:\Users\mbeck\AppData\Roaming\MiKTeX\2.9\tex\latex\beamer\base\beamerbasetitl
e.sty
Package: beamerbasetitle 2010/09/21  (rcs-revision f0446ed0b6ae)
)
(C:\Users\mbeck\AppData\Roaming\MiKTeX\2.9\tex\latex\beamer\base\beamerbasesect
ion.sty
Package: beamerbasesection 2013/06/07  (rcs-revision 60b9fe0f342f)
\c@lecture=\count128
\c@part=\count129
\c@section=\count130
\c@subsection=\count131
\c@subsubsection=\count132
)
(C:\Users\mbeck\AppData\Roaming\MiKTeX\2.9\tex\latex\beamer\base\beamerbasefram
e.sty
Package: beamerbaseframe 2013/03/31  (rcs-revision edcfd2d0f22d)
\beamer@framebox=\box40
\beamer@frametitlebox=\box41
\beamer@zoombox=\box42
\beamer@zoomcount=\count133
\beamer@zoomframecount=\count134
\beamer@frametextheight=\dimen168
\c@subsectionslide=\count135
\beamer@frametopskip=\skip45
\beamer@framebottomskip=\skip46
\beamer@frametopskipautobreak=\skip47
\beamer@framebottomskipautobreak=\skip48
\beamer@envbody=\toks27
\framewidth=\dimen169
\c@framenumber=\count136
)
(C:\Users\mbeck\AppData\Roaming\MiKTeX\2.9\tex\latex\beamer\base\beamerbaseverb
atim.sty
Package: beamerbaseverbatim 2012/08/30  (rcs-revision dfdb135076b3)
\beamer@verbatimfileout=\write4
)
(C:\Users\mbeck\AppData\Roaming\MiKTeX\2.9\tex\latex\beamer\base\beamerbasefram
esize.sty
Package: beamerbaseframesize 2011/09/12  (rcs-revision 70f9d8411e54)
\beamer@splitbox=\box43
\beamer@autobreakcount=\count137
\beamer@autobreaklastheight=\dimen170
\beamer@frametitletoks=\toks28
\beamer@framesubtitletoks=\toks29
)
(C:\Users\mbeck\AppData\Roaming\MiKTeX\2.9\tex\latex\beamer\base\beamerbasefram
ecomponents.sty
Package: beamerbaseframecomponents 2012/09/13  (rcs-revision dcd846607320)
\beamer@footins=\box44
)
(C:\Users\mbeck\AppData\Roaming\MiKTeX\2.9\tex\latex\beamer\base\beamerbasecolo
r.sty
Package: beamerbasecolor 2010/06/06  (rcs-revision d1a9b48be06d)
)
(C:\Users\mbeck\AppData\Roaming\MiKTeX\2.9\tex\latex\beamer\base\beamerbasenote
s.sty
Package: beamerbasenotes 2012/12/19  (rcs-revision 1686da3db3c9)
\beamer@frameboxcopy=\box45
)
(C:\Users\mbeck\AppData\Roaming\MiKTeX\2.9\tex\latex\beamer\base\beamerbasetoc.
sty
Package: beamerbasetoc 2013/05/23  (rcs-revision 0fdf5bc43be8)
)
(C:\Users\mbeck\AppData\Roaming\MiKTeX\2.9\tex\latex\beamer\base\beamerbasetemp
lates.sty
Package: beamerbasetemplates 2010/05/01  (rcs-revision efa082c6111d)
\beamer@sbttoks=\toks30

(C:\Users\mbeck\AppData\Roaming\MiKTeX\2.9\tex\latex\beamer\base\beamerbaseauxt
emplates.sty
Package: beamerbaseauxtemplates 2013/02/02  (rcs-revision f179744ff1e3)

(C:\Users\mbeck\AppData\Roaming\MiKTeX\2.9\tex\latex\beamer\base\beamerbaseboxe
s.sty
Package: beamerbaseboxes 2012/05/13  (rcs-revision 56972908a390)
\bmb@box=\box46
\bmb@colorbox=\box47
\bmb@boxshadow=\box48
\bmb@boxshadowball=\box49
\bmb@boxshadowballlarge=\box50
\bmb@temp=\dimen171
\bmb@dima=\dimen172
\bmb@dimb=\dimen173
\bmb@prevheight=\dimen174
)
\beamer@blockheadheight=\dimen175
))
(C:\Users\mbeck\AppData\Roaming\MiKTeX\2.9\tex\latex\beamer\base\beamerbaseloca
lstructure.sty
Package: beamerbaselocalstructure 2012/11/13  (rcs-revision ddfba79dac19)
 ("C:\Program Files\MiKTeX 2.9\tex\latex\tools\enumerate.sty"
Package: enumerate 1999/03/05 v3.00 enumerate extensions (DPC)
\@enLab=\toks31
)
\c@figure=\count138
\c@table=\count139
\abovecaptionskip=\skip49
\belowcaptionskip=\skip50
)
(C:\Users\mbeck\AppData\Roaming\MiKTeX\2.9\tex\latex\beamer\base\beamerbasenavi
gation.sty
Package: beamerbasenavigation 2013/04/04  (rcs-revision 905a39e12b38)
\beamer@section@min@dim=\dimen176
)
(C:\Users\mbeck\AppData\Roaming\MiKTeX\2.9\tex\latex\beamer\base\beamerbasetheo
rems.sty
Package: beamerbasetheorems 2010/06/06  (rcs-revision 7e7cc5e53e9d)
 ("C:\Program Files\MiKTeX 2.9\tex\latex\amsmath\amsmath.sty"
Package: amsmath 2013/01/14 v2.14 AMS math features
\@mathmargin=\skip51

For additional information on amsmath, use the `?' option.
("C:\Program Files\MiKTeX 2.9\tex\latex\amsmath\amstext.sty"
Package: amstext 2000/06/29 v2.01

("C:\Program Files\MiKTeX 2.9\tex\latex\amsmath\amsgen.sty"
File: amsgen.sty 1999/11/30 v2.0
\@emptytoks=\toks32
\ex@=\dimen177
))
("C:\Program Files\MiKTeX 2.9\tex\latex\amsmath\amsbsy.sty"
Package: amsbsy 1999/11/29 v1.2d
\pmbraise@=\dimen178
)
("C:\Program Files\MiKTeX 2.9\tex\latex\amsmath\amsopn.sty"
Package: amsopn 1999/12/14 v2.01 operator names
)
\inf@bad=\count140
LaTeX Info: Redefining \frac on input line 210.
\uproot@=\count141
\leftroot@=\count142
LaTeX Info: Redefining \overline on input line 306.
\classnum@=\count143
\DOTSCASE@=\count144
LaTeX Info: Redefining \ldots on input line 378.
LaTeX Info: Redefining \dots on input line 381.
LaTeX Info: Redefining \cdots on input line 466.
\Mathstrutbox@=\box51
\strutbox@=\box52
\big@size=\dimen179
LaTeX Font Info:    Redeclaring font encoding OML on input line 566.
LaTeX Font Info:    Redeclaring font encoding OMS on input line 567.
\macc@depth=\count145
\c@MaxMatrixCols=\count146
\dotsspace@=\muskip11
\c@parentequation=\count147
\dspbrk@lvl=\count148
\tag@help=\toks33
\row@=\count149
\column@=\count150
\maxfields@=\count151
\andhelp@=\toks34
\eqnshift@=\dimen180
\alignsep@=\dimen181
\tagshift@=\dimen182
\tagwidth@=\dimen183
\totwidth@=\dimen184
\lineht@=\dimen185
\@envbody=\toks35
\multlinegap=\skip52
\multlinetaggap=\skip53
\mathdisplay@stack=\toks36
LaTeX Info: Redefining \[ on input line 2665.
LaTeX Info: Redefining \] on input line 2666.
)
("C:\Program Files\MiKTeX 2.9\tex\latex\amscls\amsthm.sty"
Package: amsthm 2004/08/06 v2.20
\thm@style=\toks37
\thm@bodyfont=\toks38
\thm@headfont=\toks39
\thm@notefont=\toks40
\thm@headpunct=\toks41
\thm@preskip=\skip54
\thm@postskip=\skip55
\thm@headsep=\skip56
\dth@everypar=\toks42
)
\c@theorem=\count152
)
(C:\Users\mbeck\AppData\Roaming\MiKTeX\2.9\tex\latex\beamer\base\beamerbasethem
es.sty
Package: beamerbasethemes 2010/05/01  (rcs-revision efa082c6111d)
))
(C:\Users\mbeck\AppData\Roaming\MiKTeX\2.9\tex\latex\beamer\base\themes\theme\b
eamerthemedefault.sty
Package: beamerthemedefault 2010/06/17  (rcs-revision d02a7cf4d8ae)

(C:\Users\mbeck\AppData\Roaming\MiKTeX\2.9\tex\latex\beamer\base\themes\font\be
amerfontthemedefault.sty
Package: beamerfontthemedefault 2012/12/19  (rcs-revision 1686da3db3c9)
)
(C:\Users\mbeck\AppData\Roaming\MiKTeX\2.9\tex\latex\beamer\base\themes\color\b
eamercolorthemedefault.sty
Package: beamercolorthemedefault 2012/12/19  (rcs-revision 1686da3db3c9)
)
(C:\Users\mbeck\AppData\Roaming\MiKTeX\2.9\tex\latex\beamer\base\themes\inner\b
eamerinnerthemedefault.sty
Package: beamerinnerthemedefault 2012/05/01  (rcs-revision 67c48b3b652d)
\beamer@dima=\dimen186
\beamer@dimb=\dimen187
)
(C:\Users\mbeck\AppData\Roaming\MiKTeX\2.9\tex\latex\beamer\base\themes\outer\b
eamerouterthemedefault.sty
Package: beamerouterthemedefault 2012/12/19  (rcs-revision 1686da3db3c9)
)))
(C:\Users\mbeck\AppData\Roaming\MiKTeX\2.9\tex\latex\framed\framed.sty
Package: framed 2011/10/22 v 0.96: framed or shaded text with page breaks
\OuterFrameSep=\skip57
\fb@frw=\dimen188
\fb@frh=\dimen189
\FrameRule=\dimen190
\FrameSep=\dimen191
)
("C:\Program Files\MiKTeX 2.9\tex\latex\base\alltt.sty"
Package: alltt 1997/06/16 v2.0g defines alltt environment
)
(C:\Users\mbeck\AppData\Roaming\MiKTeX\2.9\tex\latex\beamer\base\themes\theme\b
eamerthemeBoadilla.sty
Package: beamerthemeBoadilla 2010/06/17  (rcs-revision d02a7cf4d8ae)

(C:\Users\mbeck\AppData\Roaming\MiKTeX\2.9\tex\latex\beamer\base\themes\color\b
eamercolorthemerose.sty
Package: beamercolorthemerose 2010/06/17  (rcs-revision d02a7cf4d8ae)
)
(C:\Users\mbeck\AppData\Roaming\MiKTeX\2.9\tex\latex\beamer\base\themes\inner\b
eamerinnerthemerounded.sty
Package: beamerinnerthemerounded 2010/06/17  (rcs-revision d02a7cf4d8ae)
)
(C:\Users\mbeck\AppData\Roaming\MiKTeX\2.9\tex\latex\beamer\base\themes\color\b
eamercolorthemedolphin.sty
Package: beamercolorthemedolphin 2010/06/17  (rcs-revision d02a7cf4d8ae)
)
(C:\Users\mbeck\AppData\Roaming\MiKTeX\2.9\tex\latex\beamer\base\themes\outer\b
eamerouterthemeinfolines.sty
Package: beamerouterthemeinfolines 2012/10/16  (rcs-revision 51a8c72084af)
))
(C:\Users\mbeck\AppData\Roaming\MiKTeX\2.9\tex\latex\animate\animate.sty
Package: animate 2014/11/11 PDF animations from files and inline graphics

("C:\Program Files\MiKTeX 2.9\tex\latex\base\ifthen.sty"
Package: ifthen 2001/05/26 v1.1c Standard LaTeX ifthen package (DPC)
)
("C:\Program Files\MiKTeX 2.9\tex\latex\oberdiek\ifdraft.sty"
Package: ifdraft 2008/08/11 v1.3 Detect class options draft and final (HO)
)
("C:\Program Files\MiKTeX 2.9\tex\latex\tools\calc.sty"
Package: calc 2007/08/22 v4.3 Infix arithmetic (KKT,FJ)
\calc@Acount=\count153
\calc@Bcount=\count154
\calc@Adimen=\dimen192
\calc@Bdimen=\dimen193
\calc@Askip=\skip58
\calc@Bskip=\skip59
LaTeX Info: Redefining \setlength on input line 76.
LaTeX Info: Redefining \addtolength on input line 77.
\calc@Ccount=\count155
\calc@Cskip=\skip60
)
("C:\Program Files\MiKTeX 2.9\tex\latex\oberdiek\atenddvi.sty"
Package: atenddvi 2007/04/17 v1.1 At end DVI hook (HO)

("C:\Program Files\MiKTeX 2.9\tex\latex\oberdiek\zref-abspage.sty"
Package: zref-abspage 2012/04/04 v2.24 Module abspage for zref (HO)

("C:\Program Files\MiKTeX 2.9\tex\latex\oberdiek\zref-base.sty"
Package: zref-base 2012/04/04 v2.24 Module base for zref (HO)
Package zref Info: New property list: main on input line 759.
Package zref Info: New property: default on input line 760.
Package zref Info: New property: page on input line 761.
)
\c@abspage=\count156
Package zref Info: New property: abspage on input line 62.
)
("C:\Program Files\MiKTeX 2.9\tex\latex\oberdiek\zref-lastpage.sty"
Package: zref-lastpage 2012/04/04 v2.24 Module lastpage for zref (HO)
Package zref Info: New property list: LastPage on input line 55.
))
(C:\Users\mbeck\AppData\Roaming\MiKTeX\2.9\tex\latex\animate\animfp.sty
Package: animfp 2009/07/23 fixed point addition for animate.sty
\afp@xs=\count157
\afp@xia=\count158
\afp@xib=\count159
\afp@xfa=\count160
\afp@xfb=\count161
\afp@rega=\count162
\afp@regb=\count163
\afp@regs=\count164
)
(C:\Users\mbeck\AppData\Roaming\MiKTeX\2.9\tex\context\base\supp-pdf.mkii
[Loading MPS to PDF converter (version 2006.09.02).]
\scratchcounter=\count165
\scratchdimen=\dimen194
\scratchbox=\box53
\nofMPsegments=\count166
\nofMParguments=\count167
\everyMPshowfont=\toks43
\MPscratchCnt=\count168
\MPscratchDim=\dimen195
\MPnumerator=\count169
\makeMPintoPDFobject=\count170
\everyMPtoPDFconversion=\toks44
)
\@anim@box=\box54
\@anim@measbox=\box55
\@anim@tmpdima=\dimen196
\@anim@tmpdimb=\dimen197
\@anim@ocnum=\count171
\@anim@num=\count172
\@anim@curframe=\count173
\@anim@curframe@zb=\count174
\@anim@resizeflags=\count175
\@anim@skipfram=\count176
\@anim@mulframecnt=\count177
\@anim@@tmlnfile=\read2
\@anim@tmpcnt=\count178
\c@@anim@ltxcnt=\count179
\@anim@curlayer=\count180
\@anim@lineno=\count181
\@anim@curfield=\count182
\@anim@begin=\toks45
\@anim@end=\toks46
\@anim@@resizeflags=\count183
) (C:\Users\mbeck\AppData\Roaming\MiKTeX\2.9\tex\latex\mh\breqn.sty
(C:\Users\mbeck\AppData\Roaming\MiKTeX\2.9\tex\latex\l3kernel\expl3.sty
Package: expl3 2016/05/18 v6512 L3 programming layer (loader) 

(C:\Users\mbeck\AppData\Roaming\MiKTeX\2.9\tex\latex\l3kernel\expl3-code.tex
Package: expl3 2016/05/18 v6512 L3 programming layer (code)
L3 Module: l3bootstrap 2016/02/12 v6412 L3 Bootstrap code

("C:\Program Files\MiKTeX 2.9\tex\latex\misc\etex.sty"
Package: etex 1998/03/26 v2.0 eTeX basic definition package (PEB)
\et@xins=\count184
)
L3 Module: l3names 2016/03/11 v6433 L3 Namespace for primitives
L3 Module: l3basics 2015/11/22 v6315 L3 Basic definitions
L3 Module: l3expan 2015/09/10 v5983 L3 Argument expansion
L3 Module: l3tl 2016/03/26 v6465 L3 Token lists
L3 Module: l3str 2016/03/24 v6441 L3 Strings
L3 Module: l3seq 2015/08/05 v5777 L3 Sequences and stacks
L3 Module: l3int 2016/03/24 v6441 L3 Integers
\c_max_int=\count185
\l_tmpa_int=\count186
\l_tmpb_int=\count187
\g_tmpa_int=\count188
\g_tmpb_int=\count189
L3 Module: l3quark 2015/08/17 v5855 L3 Quarks
L3 Module: l3prg 2015/11/01 v6216 L3 Control structures
\g__prg_map_int=\count190
L3 Module: l3clist 2015/09/02 v5901 L3 Comma separated lists
L3 Module: l3token 2016/04/03 v6470 L3 Experimental token manipulation
L3 Module: l3prop 2016/01/05 v6366 L3 Property lists
L3 Module: l3msg 2016/03/26 v6464 L3 Messages
L3 Module: l3file 2016/03/25 v6458 L3 File and I/O operations
\l_iow_line_count_int=\count191
\l__iow_target_count_int=\count192
\l__iow_current_line_int=\count193
\l__iow_current_word_int=\count194
\l__iow_current_indentation_int=\count195
L3 Module: l3skip 2016/01/05 v6366 L3 Dimensions and skips
\c_zero_dim=\dimen198
\c_max_dim=\dimen199
\l_tmpa_dim=\dimen200
\l_tmpb_dim=\dimen201
Normal \dimen register pool exhausted, switching to extended pool.
\g_tmpa_dim=\dimen256
\g_tmpb_dim=\dimen257
\c_zero_skip=\skip61
\c_max_skip=\skip62
\l_tmpa_skip=\skip63
\l_tmpb_skip=\skip64
\g_tmpa_skip=\skip65
\g_tmpb_skip=\skip66
\c_zero_muskip=\muskip12
\c_max_muskip=\muskip13
\l_tmpa_muskip=\muskip14
\l_tmpb_muskip=\muskip15
\g_tmpa_muskip=\muskip16
\g_tmpb_muskip=\muskip17
L3 Module: l3keys 2015/11/17 v6284 L3 Key-value interfaces
\g__keyval_level_int=\count196
\l_keys_choice_int=\count197
L3 Module: l3fp 2016/03/26 v6465 L3 Floating points
\c__fp_leading_shift_int=\count198
\c__fp_middle_shift_int=\count199
\c__fp_trailing_shift_int=\count200
\c__fp_big_leading_shift_int=\count201
Normal \count register pool exhausted, switching to extended pool.
\c__fp_big_middle_shift_int=\count277
\c__fp_big_trailing_shift_int=\count278
\c__fp_Bigg_leading_shift_int=\count279
\c__fp_Bigg_middle_shift_int=\count280
\c__fp_Bigg_trailing_shift_int=\count281
L3 Module: l3box 2015/08/09 v5822 L3 Experimental boxes
\c_empty_box=\box56
\l_tmpa_box=\box57
\l_tmpb_box=\box58
\g_tmpa_box=\box59
\g_tmpb_box=\box60
L3 Module: l3coffins 2016/05/17 v6508 L3 Coffin code layer
\l__coffin_internal_box=\box61
\l__coffin_internal_dim=\dimen258
\l__coffin_offset_x_dim=\dimen259
\l__coffin_offset_y_dim=\dimen260
\l__coffin_x_dim=\dimen261
\l__coffin_y_dim=\dimen262
\l__coffin_x_prime_dim=\dimen263
\l__coffin_y_prime_dim=\dimen264
\c_empty_coffin=\box62
\l__coffin_aligned_coffin=\box63
\l__coffin_aligned_internal_coffin=\box64
\l_tmpa_coffin=\box65
\l_tmpb_coffin=\box66
\l__coffin_display_coffin=\box67
\l__coffin_display_coord_coffin=\box68
\l__coffin_display_pole_coffin=\box69
\l__coffin_display_offset_dim=\dimen265
\l__coffin_display_x_dim=\dimen266
\l__coffin_display_y_dim=\dimen267
L3 Module: l3color 2014/08/23 v5354 L3 Experimental color support
L3 Module: l3sys 2015/09/25 v6087 L3 Experimental system/runtime functions
L3 Module: l3candidates 2016/05/13 v6484 L3 Experimental additions to l3kernel
\l__box_top_dim=\dimen268
\l__box_bottom_dim=\dimen269
\l__box_left_dim=\dimen270
\l__box_right_dim=\dimen271
\l__box_top_new_dim=\dimen272
\l__box_bottom_new_dim=\dimen273
\l__box_left_new_dim=\dimen274
\l__box_right_new_dim=\dimen275
\l__box_internal_box=\box70
\l__coffin_bounding_shift_dim=\dimen276
\l__coffin_left_corner_dim=\dimen277
\l__coffin_right_corner_dim=\dimen278
\l__coffin_bottom_corner_dim=\dimen279
\l__coffin_top_corner_dim=\dimen280
\l__coffin_scaled_total_height_dim=\dimen281
\l__coffin_scaled_width_dim=\dimen282
L3 Module: l3luatex 2016/03/26 v6465 L3 Experimental LuaTeX-specific functions
)
(C:\Users\mbeck\AppData\Roaming\MiKTeX\2.9\tex\latex\l3kernel\l3pdfmode.def
File: l3pdfmode.def 2016/03/26 v6465 L3 Experimental driver: PDF mode
\l__driver_color_stack_int=\count282
\l__driver_tmp_box=\box71
))
Package: breqn 2012/05/10 v0.98b Breaking equations

(C:\Users\mbeck\AppData\Roaming\MiKTeX\2.9\tex\latex\mh\flexisym.sty
Package: flexisym 2013/03/16 v0.97c Make math characters macros
LaTeX Info: Redefining \textprime on input line 296.
LaTeX Info: Redefining \not on input line 354.

(C:\Users\mbeck\AppData\Roaming\MiKTeX\2.9\tex\latex\mh\cmbase.sym
File: cmbase.sym 2007/12/19 v0.92
LaTeX Info: Redefining \hbar on input line 323.
LaTeX Info: Redefining \surd on input line 325.
LaTeX Info: Redefining \angle on input line 333.
LaTeX Info: Redefining \neq on input line 334.
LaTeX Info: Redefining \mapsto on input line 335.
LaTeX Info: Redefining \cong on input line 336.
LaTeX Info: Redefining \notin on input line 339.
LaTeX Info: Redefining \rightleftharpoons on input line 340.
LaTeX Info: Redefining \doteq on input line 341.
LaTeX Info: Redefining \hookrightarrow on input line 342.
LaTeX Info: Redefining \hookleftarrow on input line 343.
LaTeX Info: Redefining \bowtie on input line 344.
LaTeX Info: Redefining \models on input line 345.
LaTeX Info: Redefining \Longrightarrow on input line 346.
LaTeX Info: Redefining \longrightarrow on input line 347.
LaTeX Info: Redefining \Longleftarrow on input line 348.
LaTeX Info: Redefining \longleftarrow on input line 349.
LaTeX Info: Redefining \longmapsto on input line 350.
LaTeX Info: Redefining \longleftrightarrow on input line 351.
LaTeX Info: Redefining \Longleftrightarrow on input line 352.
LaTeX Info: Redefining \cdots on input line 356.
LaTeX Info: Redefining \vdots on input line 359.
LaTeX Info: Redefining \ddots on input line 364.
)
(C:\Users\mbeck\AppData\Roaming\MiKTeX\2.9\tex\latex\mh\mathstyle.sty
Package: mathstyle 2011/08/03 v0.90 Tracking mathstyle implicitly
LaTeX Info: Redefining \displaystyle on input line 81.
LaTeX Info: Redefining \textstyle on input line 83.
LaTeX Info: Redefining \scriptstyle on input line 85.
LaTeX Info: Redefining \scriptscriptstyle on input line 87.
LaTeX Info: Redefining \genfrac on input line 121.
))
\inf@bad=\count283
\maxint=\count284
\listwidth=\dimen283
\eqnumsep=\dimen284
\eqmargin=\dimen285
\eqlinespacing=\skip67
\eqlineskip=\skip68
\eqlineskiplimit=\dimen286
\eqbinoffset=\muskip18
\eqdelimoffset=\muskip19
\eqindentstep=\dimen287
\eqstyle=\toks47
\eqbreakdepth=\count285
\eqinterlinepenalty=\count286
\intereqpenalty=\count287
\intereqskip=\skip69
\prerelpenalty=\count288
\prebinoppenalty=\count289
\Dmedmuskip=\muskip20
\Dthickmuskip=\muskip21
\eqleftskip=\skip70
\eqrightskip=\skip71
\eq@vspan=\skip72
\eq@binoffset=\muskip22
\EQ@box=\box72
\EQ@copy=\box73
\EQ@numbox=\box74
\eq@wdNum=\dimen288
\GRP@numbox=\box75
\grp@wdNum=\dimen289
\eq@lines=\count290
\eq@curline=\count291
\eq@badness=\count292
\EQ@vims=\count293
\eq@dp=\dimen290
\eq@wdL=\dimen291
\eq@wdT=\dimen292
\eq@wdMin=\dimen293
\grp@wdL=\dimen294
\grp@wdR=\dimen295
\grp@wdT=\dimen296
\eq@wdRmax=\dimen297
\eq@firstht=\dimen298
\eq@wdCond=\dimen299
\eq@indentstep=\dimen300
\eq@linewidth=\dimen301
\grp@linewidth=\dimen302
\eq@hshift=\dimen303
\eq@given@sidespace=\dimen304
\mathindent=\dimen305
\eq@final@linecount=\count294
\eq@wdR=\dimen306
\EQ@continue=\toks48
\lr@level=\count295
\GRP@queue=\toks49
\GRP@box=\box76
\GRP@wholebox=\box77
\darraycolsep=\skip73
\cur@row=\count296
\cur@col=\count297
\conditionsep=\skip74
)
(C:\Users\mbeck\AppData\Roaming\MiKTeX\2.9\tex\latex\booktabs\booktabs.sty
Package: booktabs 2005/04/14 v1.61803 publication quality tables
\heavyrulewidth=\dimen307
\lightrulewidth=\dimen308
\cmidrulewidth=\dimen309
\belowrulesep=\dimen310
\belowbottomsep=\dimen311
\aboverulesep=\dimen312
\abovetopsep=\dimen313
\cmidrulesep=\dimen314
\cmidrulekern=\dimen315
\defaultaddspace=\dimen316
\@cmidla=\count298
\@cmidlb=\count299
\@aboverulesep=\dimen317
\@belowrulesep=\dimen318
\@thisruleclass=\count300
\@lastruleclass=\count301
\@thisrulewidth=\dimen319
)
(C:\Users\mbeck\AppData\Roaming\MiKTeX\2.9\tex\latex\pgf\frontendlayer\tikz.sty
(C:\Users\mbeck\AppData\Roaming\MiKTeX\2.9\tex\latex\pgf\basiclayer\pgf.sty
Package: pgf 2015/08/07 v3.0.1a (rcs-revision 1.15)

(C:\Users\mbeck\AppData\Roaming\MiKTeX\2.9\tex\generic\pgf\modules\pgfmodulesha
pes.code.tex
File: pgfmoduleshapes.code.tex 2014/03/21  (rcs-revision 1.35)
\pgfnodeparttextbox=\box78
)
(C:\Users\mbeck\AppData\Roaming\MiKTeX\2.9\tex\generic\pgf\modules\pgfmoduleplo
t.code.tex
File: pgfmoduleplot.code.tex 2015/08/03  (rcs-revision 1.13)
)
(C:\Users\mbeck\AppData\Roaming\MiKTeX\2.9\tex\latex\pgf\compatibility\pgfcomp-
version-0-65.sty
Package: pgfcomp-version-0-65 2007/07/03 v3.0.1a (rcs-revision 1.7)
\pgf@nodesepstart=\dimen320
\pgf@nodesepend=\dimen321
)
(C:\Users\mbeck\AppData\Roaming\MiKTeX\2.9\tex\latex\pgf\compatibility\pgfcomp-
version-1-18.sty
Package: pgfcomp-version-1-18 2007/07/23 v3.0.1a (rcs-revision 1.1)
))
(C:\Users\mbeck\AppData\Roaming\MiKTeX\2.9\tex\latex\pgf\utilities\pgffor.sty
(C:\Users\mbeck\AppData\Roaming\MiKTeX\2.9\tex\latex\pgf\utilities\pgfkeys.sty
(C:\Users\mbeck\AppData\Roaming\MiKTeX\2.9\tex\generic\pgf\utilities\pgfkeys.co
de.tex))
(C:\Users\mbeck\AppData\Roaming\MiKTeX\2.9\tex\latex\pgf\math\pgfmath.sty
(C:\Users\mbeck\AppData\Roaming\MiKTeX\2.9\tex\generic\pgf\math\pgfmath.code.te
x))
(C:\Users\mbeck\AppData\Roaming\MiKTeX\2.9\tex\generic\pgf\utilities\pgffor.cod
e.tex
Package: pgffor 2013/12/13 v3.0.1a (rcs-revision 1.25)

(C:\Users\mbeck\AppData\Roaming\MiKTeX\2.9\tex\generic\pgf\math\pgfmath.code.te
x)
\pgffor@iter=\dimen322
\pgffor@skip=\dimen323
\pgffor@stack=\toks50
\pgffor@toks=\toks51
))
(C:\Users\mbeck\AppData\Roaming\MiKTeX\2.9\tex\generic\pgf\frontendlayer\tikz\t
ikz.code.tex
Package: tikz 2015/08/07 v3.0.1a (rcs-revision 1.151)

(C:\Users\mbeck\AppData\Roaming\MiKTeX\2.9\tex\generic\pgf\libraries\pgflibrary
plothandlers.code.tex
File: pgflibraryplothandlers.code.tex 2013/08/31 v3.0.1a (rcs-revision 1.20)
\pgf@plot@mark@count=\count302
\pgfplotmarksize=\dimen324
)
\tikz@lastx=\dimen325
\tikz@lasty=\dimen326
\tikz@lastxsaved=\dimen327
\tikz@lastysaved=\dimen328
\tikzleveldistance=\dimen329
\tikzsiblingdistance=\dimen330
\tikz@figbox=\box79
\tikz@figbox@bg=\box80
\tikz@tempbox=\box81
\tikz@tempbox@bg=\box82
\tikztreelevel=\count303
\tikznumberofchildren=\count304
\tikznumberofcurrentchild=\count305
\tikz@fig@count=\count306

(C:\Users\mbeck\AppData\Roaming\MiKTeX\2.9\tex\generic\pgf\modules\pgfmodulemat
rix.code.tex
File: pgfmodulematrix.code.tex 2013/09/17  (rcs-revision 1.8)
\pgfmatrixcurrentrow=\count307
\pgfmatrixcurrentcolumn=\count308
\pgf@matrix@numberofcolumns=\count309
)
\tikz@expandcount=\count310

(C:\Users\mbeck\AppData\Roaming\MiKTeX\2.9\tex\generic\pgf\frontendlayer\tikz\l
ibraries\tikzlibrarytopaths.code.tex
File: tikzlibrarytopaths.code.tex 2008/06/17 v3.0.1a (rcs-revision 1.2)
)))
(C:\Users\mbeck\AppData\Roaming\MiKTeX\2.9\tex\generic\pgf\frontendlayer\tikz\l
ibraries\tikzlibrarydecorations.pathreplacing.code.tex
(C:\Users\mbeck\AppData\Roaming\MiKTeX\2.9\tex\generic\pgf\frontendlayer\tikz\l
ibraries\tikzlibrarydecorations.code.tex
(C:\Users\mbeck\AppData\Roaming\MiKTeX\2.9\tex\generic\pgf\modules\pgfmoduledec
orations.code.tex
\pgfdecoratedcompleteddistance=\dimen331
\pgfdecoratedremainingdistance=\dimen332
\pgfdecoratedinputsegmentcompleteddistance=\dimen333
\pgfdecoratedinputsegmentremainingdistance=\dimen334
\pgf@decorate@distancetomove=\dimen335
\pgf@decorate@repeatstate=\count311
\pgfdecorationsegmentamplitude=\dimen336
\pgfdecorationsegmentlength=\dimen337
)
\tikz@lib@dec@box=\box83
)
(C:\Users\mbeck\AppData\Roaming\MiKTeX\2.9\tex\generic\pgf\libraries\decoration
s\pgflibrarydecorations.pathreplacing.code.tex))
(C:\Users\mbeck\AppData\Roaming\MiKTeX\2.9\tex\generic\pgf\frontendlayer\tikz\l
ibraries\tikzlibraryshapes.code.tex
File: tikzlibraryshapes.code.tex 2008/01/09 v3.0.1a (rcs-revision 1.1)

(C:\Users\mbeck\AppData\Roaming\MiKTeX\2.9\tex\generic\pgf\frontendlayer\tikz\l
ibraries\tikzlibraryshapes.geometric.code.tex
File: tikzlibraryshapes.geometric.code.tex 2008/01/09 v3.0.1a (rcs-revision 1.1
)

(C:\Users\mbeck\AppData\Roaming\MiKTeX\2.9\tex\generic\pgf\libraries\shapes\pgf
libraryshapes.geometric.code.tex
File: pgflibraryshapes.geometric.code.tex 2008/06/26 v3.0.1a (rcs-revision 1.1)

))
(C:\Users\mbeck\AppData\Roaming\MiKTeX\2.9\tex\generic\pgf\frontendlayer\tikz\l
ibraries\tikzlibraryshapes.misc.code.tex
File: tikzlibraryshapes.misc.code.tex 2008/01/09 v3.0.1a (rcs-revision 1.1)

(C:\Users\mbeck\AppData\Roaming\MiKTeX\2.9\tex\generic\pgf\libraries\shapes\pgf
libraryshapes.misc.code.tex
File: pgflibraryshapes.misc.code.tex 2013/07/18 v3.0.1a (rcs-revision 1.5)
))
(C:\Users\mbeck\AppData\Roaming\MiKTeX\2.9\tex\generic\pgf\frontendlayer\tikz\l
ibraries\tikzlibraryshapes.symbols.code.tex
File: tikzlibraryshapes.symbols.code.tex 2008/01/09 v3.0.1a (rcs-revision 1.1)

(C:\Users\mbeck\AppData\Roaming\MiKTeX\2.9\tex\generic\pgf\libraries\shapes\pgf
libraryshapes.symbols.code.tex
File: pgflibraryshapes.symbols.code.tex 2013/09/11 v3.0.1a (rcs-revision 1.6)
))
(C:\Users\mbeck\AppData\Roaming\MiKTeX\2.9\tex\generic\pgf\frontendlayer\tikz\l
ibraries\tikzlibraryshapes.arrows.code.tex
File: tikzlibraryshapes.arrows.code.tex 2008/01/09 v3.0.1a (rcs-revision 1.1)

(C:\Users\mbeck\AppData\Roaming\MiKTeX\2.9\tex\generic\pgf\libraries\shapes\pgf
libraryshapes.arrows.code.tex
File: pgflibraryshapes.arrows.code.tex 2008/06/26 v3.0.1a (rcs-revision 1.1)
))
(C:\Users\mbeck\AppData\Roaming\MiKTeX\2.9\tex\generic\pgf\frontendlayer\tikz\l
ibraries\tikzlibraryshapes.callouts.code.tex
(C:\Users\mbeck\AppData\Roaming\MiKTeX\2.9\tex\generic\pgf\libraries\shapes\pgf
libraryshapes.callouts.code.tex))
(C:\Users\mbeck\AppData\Roaming\MiKTeX\2.9\tex\generic\pgf\frontendlayer\tikz\l
ibraries\tikzlibraryshapes.multipart.code.tex
File: tikzlibraryshapes.multipart.code.tex 2008/01/09 v3.0.1a (rcs-revision 1.1
)

(C:\Users\mbeck\AppData\Roaming\MiKTeX\2.9\tex\generic\pgf\libraries\shapes\pgf
libraryshapes.multipart.code.tex
File: pgflibraryshapes.multipart.code.tex 2010/01/07 v3.0.1a (rcs-revision 1.2)

\pgfnodepartlowerbox=\box84
\pgfnodeparttwobox=\box85
\pgfnodepartthreebox=\box86
\pgfnodepartfourbox=\box87
\pgfnodeparttwentybox=\box88
\pgfnodepartnineteenbox=\box89
\pgfnodeparteighteenbox=\box90
\pgfnodepartseventeenbox=\box91
\pgfnodepartsixteenbox=\box92
\pgfnodepartfifteenbox=\box93
\pgfnodepartfourteenbox=\box94
\pgfnodepartthirteenbox=\box95
\pgfnodeparttwelvebox=\box96
\pgfnodepartelevenbox=\box97
\pgfnodeparttenbox=\box98
\pgfnodepartninebox=\box99
\pgfnodeparteightbox=\box100
\pgfnodepartsevenbox=\box101
\pgfnodepartsixbox=\box102
\pgfnodepartfivebox=\box103
)))
(C:\Users\mbeck\AppData\Roaming\MiKTeX\2.9\tex\generic\pgf\frontendlayer\tikz\l
ibraries\tikzlibraryarrows.code.tex
File: tikzlibraryarrows.code.tex 2008/01/09 v3.0.1a (rcs-revision 1.1)

(C:\Users\mbeck\AppData\Roaming\MiKTeX\2.9\tex\generic\pgf\libraries\pgflibrary
arrows.code.tex
File: pgflibraryarrows.code.tex 2013/09/23 v3.0.1a (rcs-revision 1.16)
\arrowsize=\dimen338
))
(C:\Users\mbeck\AppData\Roaming\MiKTeX\2.9\tex\generic\pgf\frontendlayer\tikz\l
ibraries\tikzlibrarypositioning.code.tex
File: tikzlibrarypositioning.code.tex 2008/10/06 v3.0.1a (rcs-revision 1.7)
)
(C:\Users\mbeck\AppData\Roaming\MiKTeX\2.9\tex\generic\pgf\frontendlayer\tikz\l
ibraries\tikzlibraryshadows.code.tex
File: tikzlibraryshadows.code.tex 2008/01/13 v3.0.1a (rcs-revision 1.3)

(C:\Users\mbeck\AppData\Roaming\MiKTeX\2.9\tex\generic\pgf\frontendlayer\tikz\l
ibraries\tikzlibraryfadings.code.tex
File: tikzlibraryfadings.code.tex 2009/11/15 v3.0.1a (rcs-revision 1.2)

(C:\Users\mbeck\AppData\Roaming\MiKTeX\2.9\tex\generic\pgf\libraries\pgflibrary
fadings.code.tex
File: pgflibraryfadings.code.tex 2008/02/07 v3.0.1a (rcs-revision 1.3)
)))
(C:\Users\mbeck\AppData\Roaming\MiKTeX\2.9\tex\latex\subfig\subfig.sty
Package: subfig 2005/06/28 ver: 1.3 subfig package

(C:\Users\mbeck\AppData\Roaming\MiKTeX\2.9\tex\latex\caption\caption.sty
Package: caption 2013/05/02 v3.3-89 Customizing captions (AR)

(C:\Users\mbeck\AppData\Roaming\MiKTeX\2.9\tex\latex\caption\caption3.sty
Package: caption3 2013/05/02 v1.6-88 caption3 kernel (AR)
Package caption3 Info: TeX engine: e-TeX on input line 57.
\captionmargin=\dimen339
\captionmargin@=\dimen340
\captionwidth=\dimen341
\caption@tempdima=\dimen342
\caption@indent=\dimen343
\caption@parindent=\dimen344
\caption@hangindent=\dimen345
)
\c@ContinuedFloat=\count312
Package caption Info: beamer document class.
Package caption Info: hyperref package is loaded.
Package caption Info: Hyperref support is turned off
(caption)             because hyperref has stopped early.
)
\c@KVtest=\count313
\sf@farskip=\skip75
\sf@captopadj=\dimen346
\sf@capskip=\skip76
\sf@nearskip=\skip77
\c@subfigure=\count314
\c@subfigure@save=\count315
\c@depth=\count316
\c@subtable=\count317
\c@subtable@save=\count318
\sf@top=\skip78
\sf@bottom=\skip79
)
(C:\Users\mbeck\AppData\Roaming\MiKTeX\2.9\tex\latex\upquote\upquote.sty
Package: upquote 2012/04/19 v1.3 upright-quote and grave-accent glyphs in verba
tim
)
(M:\presentations\EPA_exit\EPA_exit.aux)
LaTeX Font Info:    Checking defaults for OML/cmm/m/it on input line 97.
LaTeX Font Info:    ... okay on input line 97.
LaTeX Font Info:    Checking defaults for T1/cmr/m/n on input line 97.
LaTeX Font Info:    ... okay on input line 97.
LaTeX Font Info:    Checking defaults for OT1/cmr/m/n on input line 97.
LaTeX Font Info:    ... okay on input line 97.
LaTeX Font Info:    Checking defaults for OMS/cmsy/m/n on input line 97.
LaTeX Font Info:    ... okay on input line 97.
LaTeX Font Info:    Checking defaults for OMX/cmex/m/n on input line 97.
LaTeX Font Info:    ... okay on input line 97.
LaTeX Font Info:    Checking defaults for U/cmr/m/n on input line 97.
LaTeX Font Info:    ... okay on input line 97.
LaTeX Font Info:    Checking defaults for PD1/pdf/m/n on input line 97.
LaTeX Font Info:    ... okay on input line 97.

*geometry* driver: auto-detecting
*geometry* detected driver: pdftex
*geometry* verbose mode - [ preamble ] result:
* driver: pdftex
* paper: custom
* layout: <same size as paper>
* layoutoffset:(h,v)=(0.0pt,0.0pt)
* modes: includehead includefoot 
* h-part:(L,W,R)=(10.95003pt, 342.2953pt, 10.95003pt)
* v-part:(T,H,B)=(0.0pt, 273.14662pt, 0.0pt)
* \paperwidth=364.19536pt
* \paperheight=273.14662pt
* \textwidth=342.2953pt
* \textheight=244.6939pt
* \oddsidemargin=-61.31996pt
* \evensidemargin=-61.31996pt
* \topmargin=-72.26999pt
* \headheight=14.22636pt
* \headsep=0.0pt
* \topskip=11.0pt
* \footskip=14.22636pt
* \marginparwidth=4.0pt
* \marginparsep=10.0pt
* \columnsep=10.0pt
* \skip\footins=10.0pt plus 4.0pt minus 2.0pt
* \hoffset=0.0pt
* \voffset=0.0pt
* \mag=1000
* \@twocolumnfalse
* \@twosidefalse
* \@mparswitchfalse
* \@reversemarginfalse
* (1in=72.27pt=25.4mm, 1cm=28.453pt)

ABD: EveryShipout initializing macros
\AtBeginShipoutBox=\box104
Package hyperref Info: Link coloring OFF on input line 97.

("C:\Program Files\MiKTeX 2.9\tex\latex\hyperref\nameref.sty"
Package: nameref 2012/10/27 v2.43 Cross-referencing by name of section

("C:\Program Files\MiKTeX 2.9\tex\generic\oberdiek\gettitlestring.sty"
Package: gettitlestring 2010/12/03 v1.4 Cleanup title references (HO)
)
\c@section@level=\count319
)
LaTeX Info: Redefining \ref on input line 97.
LaTeX Info: Redefining \pageref on input line 97.
LaTeX Info: Redefining \nameref on input line 97.

(M:\presentations\EPA_exit\EPA_exit.out)
(M:\presentations\EPA_exit\EPA_exit.out)
\@outlinefile=\write5

(C:\Users\mbeck\AppData\Roaming\MiKTeX\2.9\tex\latex\beamer\base\translator\dic
ts\translator-basic-dictionary\translator-basic-dictionary-English.dict
Dictionary: translator-basic-dictionary, Language: English 
)
(C:\Users\mbeck\AppData\Roaming\MiKTeX\2.9\tex\latex\beamer\base\translator\dic
ts\translator-bibliography-dictionary\translator-bibliography-dictionary-Englis
h.dict
Dictionary: translator-bibliography-dictionary, Language: English 
)
(C:\Users\mbeck\AppData\Roaming\MiKTeX\2.9\tex\latex\beamer\base\translator\dic
ts\translator-environment-dictionary\translator-environment-dictionary-English.
dict
Dictionary: translator-environment-dictionary, Language: English 
)
(C:\Users\mbeck\AppData\Roaming\MiKTeX\2.9\tex\latex\beamer\base\translator\dic
ts\translator-months-dictionary\translator-months-dictionary-English.dict
Dictionary: translator-months-dictionary, Language: English 
)
(C:\Users\mbeck\AppData\Roaming\MiKTeX\2.9\tex\latex\beamer\base\translator\dic
ts\translator-numbers-dictionary\translator-numbers-dictionary-English.dict
Dictionary: translator-numbers-dictionary, Language: English 
)
(C:\Users\mbeck\AppData\Roaming\MiKTeX\2.9\tex\latex\beamer\base\translator\dic
ts\translator-theorem-dictionary\translator-theorem-dictionary-English.dict
Dictionary: translator-theorem-dictionary, Language: English 
)
LaTeX Info: Redefining \includegraphics on input line 97.
Package caption Info: Begin \AtBeginDocument code.
Package caption Info: subfig package v1.3 is loaded.
Package caption Info: End \AtBeginDocument code.

(M:\presentations\EPA_exit\EPA_exit.nav)

Package hyperref Warning: Option `pdfauthor' has already been used,
(hyperref)                setting the option has no effect on input line 100.

<fig/titlegraphic.pdf, id=58, 1300.86pt x 144.54pt>
File: fig/titlegraphic.pdf Graphic file (type pdf)
 <use fig/titlegraphic.pdf>
Package pdftex.def Info: fig/titlegraphic.pdf used on input line 111.
(pdftex.def)             Requested size: 342.2953pt x 60.49126pt.

<fig/back_tmp.pdf, id=60, 505.89pt x 505.89pt>
File: fig/back_tmp.pdf Graphic file (type pdf)
 <use fig/back_tmp.pdf>
Package pdftex.def Info: fig/back_tmp.pdf used on input line 111.
(pdftex.def)             Requested size: 364.20192pt x 273.15337pt.


LaTeX Font Warning: Font shape `OT1/cmr/m/n' in size <4> not available
(Font)              size <5> substituted on input line 111.

[1

{C:/Users/mbeck/AppData/Local/MiKTeX/2.9/pdftex/config/pdftex.map} <M:/presenta
tions/EPA_exit/fig/titlegraphic.pdf> <M:/presentations/EPA_exit/fig/back_tmp.pd
f>] <fig/Sartre1.jpg, id=84, 200.75pt x 193.72375pt>
File: fig/Sartre1.jpg Graphic file (type jpg)
 <use fig/Sartre1.jpg>
Package pdftex.def Info: fig/Sartre1.jpg used on input line 132.
(pdftex.def)             Requested size: 136.91862pt x 132.13536pt.
LaTeX Font Info:    Try loading font information for U+msa on input line 132.

("C:\Program Files\MiKTeX 2.9\tex\latex\amsfonts\umsa.fd"
File: umsa.fd 2013/01/14 v3.01 AMS symbols A
)
LaTeX Font Info:    Try loading font information for U+msb on input line 132.

("C:\Program Files\MiKTeX 2.9\tex\latex\amsfonts\umsb.fd"
File: umsb.fd 2013/01/14 v3.01 AMS symbols B
)
File: fig/back_tmp.pdf Graphic file (type pdf)

<use fig/back_tmp.pdf>
Package pdftex.def Info: fig/back_tmp.pdf used on input line 132.
(pdftex.def)             Requested size: 364.20192pt x 273.15337pt.
 [2

 <M:/presentations/EPA_exit/fig/Sartre1.jpg>]
<fig/geisha.jpg, id=93, 243.91125pt x 376.40625pt>
File: fig/geisha.jpg Graphic file (type jpg)
 <use fig/geisha.jpg>
Package pdftex.def Info: fig/geisha.jpg used on input line 152.
(pdftex.def)             Requested size: 102.68962pt x 158.47435pt.
File: fig/back_tmp.pdf Graphic file (type pdf)

<use fig/back_tmp.pdf>
Package pdftex.def Info: fig/back_tmp.pdf used on input line 152.
(pdftex.def)             Requested size: 364.20192pt x 273.15337pt.
 [3

 <M:/presentations/EPA_exit/fig/geisha.jpg>]
File: fig/geisha.jpg Graphic file (type jpg)

<use fig/geisha.jpg>
Package pdftex.def Info: fig/geisha.jpg used on input line 152.
(pdftex.def)             Requested size: 102.68962pt x 158.47435pt.
File: fig/back_tmp.pdf Graphic file (type pdf)
 <use fig/back_tmp.pdf>
Package pdftex.def Info: fig/back_tmp.pdf used on input line 152.
(pdftex.def)             Requested size: 364.20192pt x 273.15337pt.
 [4

]
File: fig/geisha.jpg Graphic file (type jpg)
 <use fig/geisha.jpg>
Package pdftex.def Info: fig/geisha.jpg used on input line 152.
(pdftex.def)             Requested size: 102.68962pt x 158.47435pt.
File: fig/back_tmp.pdf Graphic file (type pdf)

<use fig/back_tmp.pdf>
Package pdftex.def Info: fig/back_tmp.pdf used on input line 152.
(pdftex.def)             Requested size: 364.20192pt x 273.15337pt.
 [5

]
File: fig/geisha.jpg Graphic file (type jpg)
 <use fig/geisha.jpg>
Package pdftex.def Info: fig/geisha.jpg used on input line 152.
(pdftex.def)             Requested size: 102.68962pt x 158.47435pt.
File: fig/back_tmp.pdf Graphic file (type pdf)
 <use fig/back_tmp.pdf>
Package pdftex.def Info: fig/back_tmp.pdf used on input line 152.
(pdftex.def)             Requested size: 364.20192pt x 273.15337pt.
 [6

]
File: fig/geisha.jpg Graphic file (type jpg)

<use fig/geisha.jpg>
Package pdftex.def Info: fig/geisha.jpg used on input line 152.
(pdftex.def)             Requested size: 102.68962pt x 158.47435pt.
File: fig/back_tmp.pdf Graphic file (type pdf)
 <use fig/back_tmp.pdf>
Package pdftex.def Info: fig/back_tmp.pdf used on input line 152.
(pdftex.def)             Requested size: 364.20192pt x 273.15337pt.
 [7

]
File: fig/geisha.jpg Graphic file (type jpg)
 <use fig/geisha.jpg>
Package pdftex.def Info: fig/geisha.jpg used on input line 152.
(pdftex.def)             Requested size: 102.68962pt x 158.47435pt.
File: fig/back_tmp.pdf Graphic file (type pdf)

<use fig/back_tmp.pdf>
Package pdftex.def Info: fig/back_tmp.pdf used on input line 152.
(pdftex.def)             Requested size: 364.20192pt x 273.15337pt.
 [8

]

pdfTeX warning: pdflatex.exe (file M:/presentations/EPA_exit/fig/mn_lake_inset.
pdf): PDF inclusion: found PDF version <1.6>, but at most version <1.5> allowed

<fig/mn_lake_inset.pdf, id=133, 686.565pt x 867.24pt>
File: fig/mn_lake_inset.pdf Graphic file (type pdf)

<use fig/mn_lake_inset.pdf>
Package pdftex.def Info: fig/mn_lake_inset.pdf used on input line 170.
(pdftex.def)             Requested size: 171.14764pt x 216.17429pt.

<fig/mn_seal.jpg, id=134, 155.24667pt x 157.92334pt>
File: fig/mn_seal.jpg Graphic file (type jpg)
 <use fig/mn_seal.jpg>
Package pdftex.def Info: fig/mn_seal.jpg used on input line 170.
(pdftex.def)             Requested size: 85.57382pt x 87.05087pt.

<fig/mn_lake.jpg, id=135, 803.0pt x 566.115pt>
File: fig/mn_lake.jpg Graphic file (type jpg)
 <use fig/mn_lake.jpg>
Package pdftex.def Info: fig/mn_lake.jpg used on input line 170.
(pdftex.def)             Requested size: 136.91862pt x 96.52333pt.

Overfull \vbox (2.96198pt too high) detected at line 170
 []

File: fig/back_tmp.pdf Graphic file (type pdf)
<use fig/back_tmp.pdf>
Package pdftex.def Info: fig/back_tmp.pdf used on input line 170.
(pdftex.def)             Requested size: 364.20192pt x 273.15337pt.
 [9

 <M:/presentations/EPA_exit/fig/mn_lake_inset.pdf> <M:/presentations/EPA_exit/f
ig/mn_seal.jpg> <M:/presentations/EPA_exit/fig/mn_lake.jpg>] <fig/Beck_GEDsem-i
bi_data.pdf, id=159, 433.62pt x 433.62pt>
File: fig/Beck_GEDsem-ibi_data.pdf Graphic file (type pdf)

<use fig/Beck_GEDsem-ibi_data.pdf>
Package pdftex.def Info: fig/Beck_GEDsem-ibi_data.pdf used on input line 199.
(pdftex.def)             Requested size: 154.03183pt x 154.0321pt.
File: fig/back_tmp.pdf Graphic file (type pdf)
 <use fig/back_tmp.pdf>
Package pdftex.def Info: fig/back_tmp.pdf used on input line 199.
(pdftex.def)             Requested size: 364.20192pt x 273.15337pt.
 [10

 <M:/presentations/EPA_exit/fig/Beck_GEDsem-ibi_data.pdf>]

pdfTeX warning: pdflatex.exe (file M:/presentations/EPA_exit/fig/sabine.pdf): P
DF inclusion: found PDF version <1.6>, but at most version <1.5> allowed
<fig/sabine.pdf, id=177, 1734.63058pt x 1041.58128pt>
File: fig/sabine.pdf Graphic file (type pdf)
 <use fig/sabine.pdf>
Package pdftex.def Info: fig/sabine.pdf used on input line 208.
(pdftex.def)             Requested size: 273.83728pt x 164.41547pt.
File: fig/back_tmp.pdf Graphic file (type pdf)

<use fig/back_tmp.pdf>
Package pdftex.def Info: fig/back_tmp.pdf used on input line 208.
(pdftex.def)             Requested size: 364.20192pt x 273.15337pt.
 [11

 <M:/presentations/EPA_exit/fig/sabine.pdf>]
<fig/orise.jpg, id=188, 637.38126pt x 106.3975pt>
File: fig/orise.jpg Graphic file (type jpg)
 <use fig/orise.jpg>
Package pdftex.def Info: fig/orise.jpg used on input line 227.
(pdftex.def)             Requested size: 229.33722pt x 38.28195pt.

<fig/orau.jpg, id=189, 301.125pt x 100.375pt>
File: fig/orau.jpg Graphic file (type jpg)
 <use fig/orau.jpg>
Package pdftex.def Info: fig/orau.jpg used on input line 227.
(pdftex.def)             Requested size: 112.95807pt x 37.65277pt.
File: fig/back_tmp.pdf Graphic file (type pdf)

<use fig/back_tmp.pdf>
Package pdftex.def Info: fig/back_tmp.pdf used on input line 227.
(pdftex.def)             Requested size: 364.20192pt x 273.15337pt.
 [12

 <M:/presentations/EPA_exit/fig/orise.jpg> <M:/presentations/EPA_exit/fig/orau.
jpg>]
File: fig/orise.jpg Graphic file (type jpg)
 <use fig/orise.jpg>
Package pdftex.def Info: fig/orise.jpg used on input line 227.
(pdftex.def)             Requested size: 229.33722pt x 38.28195pt.
File: fig/orau.jpg Graphic file (type jpg)
 <use fig/orau.jpg>
Package pdftex.def Info: fig/orau.jpg used on input line 227.
(pdftex.def)             Requested size: 112.95807pt x 37.65277pt.
File: fig/back_tmp.pdf Graphic file (type pdf)

<use fig/back_tmp.pdf>
Package pdftex.def Info: fig/back_tmp.pdf used on input line 227.
(pdftex.def)             Requested size: 364.20192pt x 273.15337pt.
 [13

]
File: fig/orise.jpg Graphic file (type jpg)
 <use fig/orise.jpg>
Package pdftex.def Info: fig/orise.jpg used on input line 227.
(pdftex.def)             Requested size: 229.33722pt x 38.28195pt.
File: fig/orau.jpg Graphic file (type jpg)
 <use fig/orau.jpg>
Package pdftex.def Info: fig/orau.jpg used on input line 227.
(pdftex.def)             Requested size: 112.95807pt x 37.65277pt.
File: fig/back_tmp.pdf Graphic file (type pdf)

<use fig/back_tmp.pdf>
Package pdftex.def Info: fig/back_tmp.pdf used on input line 227.
(pdftex.def)             Requested size: 364.20192pt x 273.15337pt.
 [14

]
File: fig/orise.jpg Graphic file (type jpg)
 <use fig/orise.jpg>
Package pdftex.def Info: fig/orise.jpg used on input line 227.
(pdftex.def)             Requested size: 229.33722pt x 38.28195pt.
File: fig/orau.jpg Graphic file (type jpg)
 <use fig/orau.jpg>
Package pdftex.def Info: fig/orau.jpg used on input line 227.
(pdftex.def)             Requested size: 112.95807pt x 37.65277pt.
File: fig/back_tmp.pdf Graphic file (type pdf)

<use fig/back_tmp.pdf>
Package pdftex.def Info: fig/back_tmp.pdf used on input line 227.
(pdftex.def)             Requested size: 364.20192pt x 273.15337pt.
 [15

]
File: fig/orise.jpg Graphic file (type jpg)
 <use fig/orise.jpg>
Package pdftex.def Info: fig/orise.jpg used on input line 227.
(pdftex.def)             Requested size: 229.33722pt x 38.28195pt.
File: fig/orau.jpg Graphic file (type jpg)
 <use fig/orau.jpg>
Package pdftex.def Info: fig/orau.jpg used on input line 227.
(pdftex.def)             Requested size: 112.95807pt x 37.65277pt.
File: fig/back_tmp.pdf Graphic file (type pdf)

<use fig/back_tmp.pdf>
Package pdftex.def Info: fig/back_tmp.pdf used on input line 227.
(pdftex.def)             Requested size: 364.20192pt x 273.15337pt.
 [16

] <fig/tb_map.pdf, id=222, 469.755pt x 469.755pt>
File: fig/tb_map.pdf Graphic file (type pdf)

<use fig/tb_map.pdf>
Package pdftex.def Info: fig/tb_map.pdf used on input line 244.
(pdftex.def)             Requested size: 171.14764pt x 171.14734pt.
File: fig/back_tmp.pdf Graphic file (type pdf)
 <use fig/back_tmp.pdf>
Package pdftex.def Info: fig/back_tmp.pdf used on input line 244.
(pdftex.def)             Requested size: 364.20192pt x 273.15337pt.
 [17

 <M:/presentations/EPA_exit/fig/tb_map.pdf>] <fig/annual_chl-1.pdf, id=239, 578
.16pt x 325.215pt>
File: fig/annual_chl-1.pdf Graphic file (type pdf)

<use fig/annual_chl-1.pdf>
Package pdftex.def Info: fig/annual_chl-1.pdf used on input line 249.
(pdftex.def)             Requested size: 342.2953pt x 192.54015pt.
File: fig/back_tmp.pdf Graphic file (type pdf)
 <use fig/back_tmp.pdf>
Package pdftex.def Info: fig/back_tmp.pdf used on input line 249.
(pdftex.def)             Requested size: 364.20192pt x 273.15337pt.
 [18

 <M:/presentations/EPA_exit/fig/annual_chl-1.pdf>]
File: fig/back_tmp.pdf Graphic file (type pdf)
 <use fig/back_tmp.pdf>
Package pdftex.def Info: fig/back_tmp.pdf used on input line 265.
(pdftex.def)             Requested size: 364.20192pt x 273.15337pt.
 [19

]
File: fig/back_tmp.pdf Graphic file (type pdf)
 <use fig/back_tmp.pdf>
Package pdftex.def Info: fig/back_tmp.pdf used on input line 265.
(pdftex.def)             Requested size: 364.20192pt x 273.15337pt.

[20

]
File: fig/back_tmp.pdf Graphic file (type pdf)
 <use fig/back_tmp.pdf>
Package pdftex.def Info: fig/back_tmp.pdf used on input line 265.
(pdftex.def)             Requested size: 364.20192pt x 273.15337pt.
 [21

]
File: fig/back_tmp.pdf Graphic file (type pdf)
 <use fig/back_tmp.pdf>
Package pdftex.def Info: fig/back_tmp.pdf used on input line 282.
(pdftex.def)             Requested size: 364.20192pt x 273.15337pt.
 [22

]
<fig/wrtds_pieces.pdf, id=295, page=1, 505.89pt x 180.675pt>
File: fig/wrtds_pieces.pdf Graphic file (type pdf)

<use fig/wrtds_pieces.pdf, page 1>
Package pdftex.def Info: fig/wrtds_pieces.pdf, page1 used on input line 282.
(pdftex.def)             Requested size: 342.2953pt x 122.25085pt.

Overfull \vbox (3.33736pt too high) detected at line 282
 []

File: fig/back_tmp.pdf Graphic file (type pdf)
<use fig/back_tmp.pdf>
Package pdftex.def Info: fig/back_tmp.pdf used on input line 282.
(pdftex.def)             Requested size: 364.20192pt x 273.15337pt.
 [23

 <M:/presentations/EPA_exit/fig/wrtds_pieces.pdf>]
<fig/wrtds_pieces.pdf, id=311, page=2, 505.89pt x 180.675pt>
File: fig/wrtds_pieces.pdf Graphic file (type pdf)

<use fig/wrtds_pieces.pdf, page 2>
Package pdftex.def Info: fig/wrtds_pieces.pdf, page2 used on input line 282.
(pdftex.def)             Requested size: 342.2953pt x 122.25085pt.

Overfull \vbox (3.33736pt too high) detected at line 282
 []

File: fig/back_tmp.pdf Graphic file (type pdf)
<use fig/back_tmp.pdf>
Package pdftex.def Info: fig/back_tmp.pdf used on input line 282.
(pdftex.def)             Requested size: 364.20192pt x 273.15337pt.
 [24

 <M:/presentations/EPA_exit/fig/wrtds_pieces.pdf>]
<fig/wrtds_pieces.pdf, id=327, page=3, 505.89pt x 180.675pt>
File: fig/wrtds_pieces.pdf Graphic file (type pdf)

<use fig/wrtds_pieces.pdf, page 3>
Package pdftex.def Info: fig/wrtds_pieces.pdf, page3 used on input line 282.
(pdftex.def)             Requested size: 342.2953pt x 122.25085pt.

Overfull \vbox (3.33736pt too high) detected at line 282
 []

File: fig/back_tmp.pdf Graphic file (type pdf)
<use fig/back_tmp.pdf>
Package pdftex.def Info: fig/back_tmp.pdf used on input line 282.
(pdftex.def)             Requested size: 364.20192pt x 273.15337pt.
 [25

 <M:/presentations/EPA_exit/fig/wrtds_pieces.pdf>]
<fig/wrtds_pieces.pdf, id=344, page=4, 505.89pt x 180.675pt>
File: fig/wrtds_pieces.pdf Graphic file (type pdf)

<use fig/wrtds_pieces.pdf, page 4>
Package pdftex.def Info: fig/wrtds_pieces.pdf, page4 used on input line 282.
(pdftex.def)             Requested size: 342.2953pt x 122.25085pt.

Overfull \vbox (3.33736pt too high) detected at line 282
 []

File: fig/back_tmp.pdf Graphic file (type pdf)
<use fig/back_tmp.pdf>
Package pdftex.def Info: fig/back_tmp.pdf used on input line 282.
(pdftex.def)             Requested size: 364.20192pt x 273.15337pt.
 [26

 <M:/presentations/EPA_exit/fig/wrtds_pieces.pdf>]
<fig/wrtds_pieces.pdf, id=360, page=5, 505.89pt x 180.675pt>
File: fig/wrtds_pieces.pdf Graphic file (type pdf)

<use fig/wrtds_pieces.pdf, page 5>
Package pdftex.def Info: fig/wrtds_pieces.pdf, page5 used on input line 282.
(pdftex.def)             Requested size: 342.2953pt x 122.25085pt.

Overfull \vbox (3.33736pt too high) detected at line 282
 []

File: fig/back_tmp.pdf Graphic file (type pdf)
<use fig/back_tmp.pdf>
Package pdftex.def Info: fig/back_tmp.pdf used on input line 282.
(pdftex.def)             Requested size: 364.20192pt x 273.15337pt.
 [27

 <M:/presentations/EPA_exit/fig/wrtds_pieces.pdf>]
File: fig/back_tmp.pdf Graphic file (type pdf)

<use fig/back_tmp.pdf>
Package pdftex.def Info: fig/back_tmp.pdf used on input line 295.
(pdftex.def)             Requested size: 364.20192pt x 273.15337pt.
 [28

] <fig/wrtds_perf.pdf, id=384, 505.89pt x 180.675pt>
File: fig/wrtds_perf.pdf Graphic file (type pdf)

<use fig/wrtds_perf.pdf>
Package pdftex.def Info: fig/wrtds_perf.pdf used on input line 303.
(pdftex.def)             Requested size: 342.2953pt x 122.25085pt.
File: fig/back_tmp.pdf Graphic file (type pdf)
 <use fig/back_tmp.pdf>
Package pdftex.def Info: fig/back_tmp.pdf used on input line 303.
(pdftex.def)             Requested size: 364.20192pt x 273.15337pt.
 [29

 <M:/presentations/EPA_exit/fig/wrtds_perf.pdf>] <fig/hill-1.pdf, id=400, 289.0
8pt x 252.945pt>
File: fig/hill-1.pdf Graphic file (type pdf)

<use fig/hill-1.pdf>
Package pdftex.def Info: fig/hill-1.pdf used on input line 320.
(pdftex.def)             Requested size: 154.03183pt x 134.77809pt.
File: fig/back_tmp.pdf Graphic file (type pdf)
 <use fig/back_tmp.pdf>
Package pdftex.def Info: fig/back_tmp.pdf used on input line 320.
(pdftex.def)             Requested size: 364.20192pt x 273.15337pt.
 [30

 <M:/presentations/EPA_exit/fig/hill-1.pdf>] <fig/p8obs.pdf, id=419, 650.43pt x
 144.54pt>
File: fig/p8obs.pdf Graphic file (type pdf)
 <use fig/p8obs.pdf>
Package pdftex.def Info: fig/p8obs.pdf used on input line 335.
(pdftex.def)             Requested size: 342.2953pt x 76.06767pt.

<fig/p8prdnrm.pdf, id=420, 650.43pt x 172.645pt>
File: fig/p8prdnrm.pdf Graphic file (type pdf)
 <use fig/p8prdnrm.pdf>
Package pdftex.def Info: fig/p8prdnrm.pdf used on input line 335.
(pdftex.def)             Requested size: 342.2953pt x 90.85861pt.

Overfull \vbox (21.6898pt too high) detected at line 335
 []

File: fig/back_tmp.pdf Graphic file (type pdf)
<use fig/back_tmp.pdf>
Package pdftex.def Info: fig/back_tmp.pdf used on input line 335.
(pdftex.def)             Requested size: 364.20192pt x 273.15337pt.
 [31

 <M:/presentations/EPA_exit/fig/p8obs.pdf> <M:/presentations/EPA_exit/fig/p8prd
nrm.pdf>]
File: fig/p8obs.pdf Graphic file (type pdf)
 <use fig/p8obs.pdf>
Package pdftex.def Info: fig/p8obs.pdf used on input line 335.
(pdftex.def)             Requested size: 342.2953pt x 76.06767pt.
File: fig/p8prdnrm.pdf Graphic file (type pdf)
 <use fig/p8prdnrm.pdf>
Package pdftex.def Info: fig/p8prdnrm.pdf used on input line 335.
(pdftex.def)             Requested size: 342.2953pt x 90.85861pt.

Overfull \vbox (21.6898pt too high) detected at line 335
 []

File: fig/back_tmp.pdf Graphic file (type pdf)
<use fig/back_tmp.pdf>
Package pdftex.def Info: fig/back_tmp.pdf used on input line 335.
(pdftex.def)             Requested size: 364.20192pt x 273.15337pt.
 [32

]
File: fig/back_tmp.pdf Graphic file (type pdf)
 <use fig/back_tmp.pdf>
Package pdftex.def Info: fig/back_tmp.pdf used on input line 347.
(pdftex.def)             Requested size: 364.20192pt x 273.15337pt.
 [33

]
<fig/sapdo-1.pdf, id=459, 505.89pt x 144.54pt>
File: fig/sapdo-1.pdf Graphic file (type pdf)
 <use fig/sapdo-1.pdf>
Package pdftex.def Info: fig/sapdo-1.pdf used on input line 368.
(pdftex.def)             Requested size: 325.17949pt x 92.90887pt.

<fig/saptide-1.pdf, id=460, 505.89pt x 144.54pt>
File: fig/saptide-1.pdf Graphic file (type pdf)
 <use fig/saptide-1.pdf>
Package pdftex.def Info: fig/saptide-1.pdf used on input line 368.
(pdftex.def)             Requested size: 325.17949pt x 92.90887pt.
File: fig/back_tmp.pdf Graphic file (type pdf)

<use fig/back_tmp.pdf>
Package pdftex.def Info: fig/back_tmp.pdf used on input line 368.
(pdftex.def)             Requested size: 364.20192pt x 273.15337pt.
 [34

 <M:/presentations/EPA_exit/fig/sapdo-1.pdf> <M:/presentations/EPA_exit/fig/sap
tide-1.pdf>]
File: fig/back_tmp.pdf Graphic file (type pdf)
 <use fig/back_tmp.pdf>
Package pdftex.def Info: fig/back_tmp.pdf used on input line 377.
(pdftex.def)             Requested size: 364.20192pt x 273.15337pt.
 [35

]
<fig/metex.pdf, id=493, 650.43pt x 361.35pt>
File: fig/metex.pdf Graphic file (type pdf)
 <use fig/metex.pdf>
Package pdftex.def Info: fig/metex.pdf used on input line 383.
(pdftex.def)             Requested size: 342.2953pt x 190.16924pt.
File: fig/back_tmp.pdf Graphic file (type pdf)

<use fig/back_tmp.pdf>
Package pdftex.def Info: fig/back_tmp.pdf used on input line 383.
(pdftex.def)             Requested size: 364.20192pt x 273.15337pt.
 [36

 <M:/presentations/EPA_exit/fig/metex.pdf>]
<fig/patux_map.pdf, id=509, 361.35pt x 505.89pt>
File: fig/patux_map.pdf Graphic file (type pdf)
 <use fig/patux_map.pdf>
Package pdftex.def Info: fig/patux_map.pdf used on input line 396.
(pdftex.def)             Requested size: 130.07388pt x 182.10481pt.

<fig/predann.pdf, id=510, 505.89pt x 433.62pt>
File: fig/predann.pdf Graphic file (type pdf)
 <use fig/predann.pdf>
Package pdftex.def Info: fig/predann.pdf used on input line 396.
(pdftex.def)             Requested size: 222.48985pt x 190.70737pt.

Overfull \vbox (3.2159pt too high) detected at line 396
 []

File: fig/back_tmp.pdf Graphic file (type pdf)
<use fig/back_tmp.pdf>
Package pdftex.def Info: fig/back_tmp.pdf used on input line 396.
(pdftex.def)             Requested size: 364.20192pt x 273.15337pt.
 [37

 <M:/presentations/EPA_exit/fig/patux_map.pdf> <M:/presentations/EPA_exit/fig/p
redann.pdf>]

pdfTeX warning: pdflatex.exe (file M:/presentations/EPA_exit/fig/delt_map.pdf):
 PDF inclusion: found PDF version <1.6>, but at most version <1.5> allowed
<fig/delt_map.pdf, id=537, 657.96996pt x 527.71329pt>
File: fig/delt_map.pdf Graphic file (type pdf)
 <use fig/delt_map.pdf>
Package pdftex.def Info: fig/delt_map.pdf used on input line 401.
(pdftex.def)             Requested size: 256.72147pt x 205.90398pt.
File: fig/back_tmp.pdf Graphic file (type pdf)

<use fig/back_tmp.pdf>
Package pdftex.def Info: fig/back_tmp.pdf used on input line 401.
(pdftex.def)             Requested size: 364.20192pt x 273.15337pt.
 [38

 <M:/presentations/EPA_exit/fig/delt_map.pdf>]
<fig/trndsperdin.pdf, id=595, page=2, 650.43pt x 433.62pt>
File: fig/trndsperdin.pdf Graphic file (type pdf)

<use fig/trndsperdin.pdf, page 2>
Package pdftex.def Info: fig/trndsperdin.pdf, page2 used on input line 406.
(pdftex.def)             Requested size: 318.33212pt x 212.22423pt.
File: fig/back_tmp.pdf Graphic file (type pdf)
 <use fig/back_tmp.pdf>
Package pdftex.def Info: fig/back_tmp.pdf used on input line 406.
(pdftex.def)             Requested size: 364.20192pt x 273.15337pt.
 [39

 <M:/presentations/EPA_exit/fig/trndsperdin.pdf>]
<fig/trndspernh.pdf, id=613, page=2, 650.43pt x 433.62pt>
File: fig/trndspernh.pdf Graphic file (type pdf)

<use fig/trndspernh.pdf, page 2>
Package pdftex.def Info: fig/trndspernh.pdf, page2 used on input line 411.
(pdftex.def)             Requested size: 318.33212pt x 212.22423pt.
File: fig/back_tmp.pdf Graphic file (type pdf)
 <use fig/back_tmp.pdf>
Package pdftex.def Info: fig/back_tmp.pdf used on input line 411.
(pdftex.def)             Requested size: 364.20192pt x 273.15337pt.
 [40

 <M:/presentations/EPA_exit/fig/trndspernh.pdf>]
<fig/trndsperno23.pdf, id=631, page=2, 650.43pt x 433.62pt>
File: fig/trndsperno23.pdf Graphic file (type pdf)

<use fig/trndsperno23.pdf, page 2>
Package pdftex.def Info: fig/trndsperno23.pdf, page2 used on input line 416.
(pdftex.def)             Requested size: 318.33212pt x 212.22423pt.
File: fig/back_tmp.pdf Graphic file (type pdf)
 <use fig/back_tmp.pdf>
Package pdftex.def Info: fig/back_tmp.pdf used on input line 416.
(pdftex.def)             Requested size: 364.20192pt x 273.15337pt.
 [41

 <M:/presentations/EPA_exit/fig/trndsperno23.pdf>]
<fig/trndcomp1.pdf, id=649, 650.43pt x 361.35pt>
File: fig/trndcomp1.pdf Graphic file (type pdf)
 <use fig/trndcomp1.pdf>
Package pdftex.def Info: fig/trndcomp1.pdf used on input line 422.
(pdftex.def)             Requested size: 342.2953pt x 190.16924pt.
File: fig/back_tmp.pdf Graphic file (type pdf)

<use fig/back_tmp.pdf>
Package pdftex.def Info: fig/back_tmp.pdf used on input line 422.
(pdftex.def)             Requested size: 364.20192pt x 273.15337pt.
 [42

 <M:/presentations/EPA_exit/fig/trndcomp1.pdf>]
<fig/epa_logo.png, id=667, 195.6108pt x 196.0926pt>
File: fig/epa_logo.png Graphic file (type png)
 <use fig/epa_logo.png>
Package pdftex.def Info: fig/epa_logo.png used on input line 443.
(pdftex.def)             Requested size: 51.3448pt x 51.47058pt.
File: fig/back_tmp.pdf Graphic file (type pdf)

<use fig/back_tmp.pdf>
Package pdftex.def Info: fig/back_tmp.pdf used on input line 443.
(pdftex.def)             Requested size: 364.20192pt x 273.15337pt.
 [43

 <M:/presentations/EPA_exit/fig/epa_logo.png>]
File: fig/epa_logo.png Graphic file (type png)

<use fig/epa_logo.png>
Package pdftex.def Info: fig/epa_logo.png used on input line 443.
(pdftex.def)             Requested size: 51.3448pt x 51.47058pt.
File: fig/back_tmp.pdf Graphic file (type pdf)
 <use fig/back_tmp.pdf>
Package pdftex.def Info: fig/back_tmp.pdf used on input line 443.
(pdftex.def)             Requested size: 364.20192pt x 273.15337pt.
 [44

]
File: fig/epa_logo.png Graphic file (type png)
 <use fig/epa_logo.png>
Package pdftex.def Info: fig/epa_logo.png used on input line 443.
(pdftex.def)             Requested size: 51.3448pt x 51.47058pt.
File: fig/back_tmp.pdf Graphic file (type pdf)

<use fig/back_tmp.pdf>
Package pdftex.def Info: fig/back_tmp.pdf used on input line 443.
(pdftex.def)             Requested size: 364.20192pt x 273.15337pt.
 [45

]
File: fig/epa_logo.png Graphic file (type png)
 <use fig/epa_logo.png>
Package pdftex.def Info: fig/epa_logo.png used on input line 443.
(pdftex.def)             Requested size: 51.3448pt x 51.47058pt.
File: fig/back_tmp.pdf Graphic file (type pdf)
 <use fig/back_tmp.pdf>
Package pdftex.def Info: fig/back_tmp.pdf used on input line 443.
(pdftex.def)             Requested size: 364.20192pt x 273.15337pt.

[46

]
File: fig/epa_logo.png Graphic file (type png)
 <use fig/epa_logo.png>
Package pdftex.def Info: fig/epa_logo.png used on input line 443.
(pdftex.def)             Requested size: 51.3448pt x 51.47058pt.
File: fig/back_tmp.pdf Graphic file (type pdf)
 <use fig/back_tmp.pdf>
Package pdftex.def Info: fig/back_tmp.pdf used on input line 443.
(pdftex.def)             Requested size: 364.20192pt x 273.15337pt.
 [47

]
File: fig/back_tmp.pdf Graphic file (type pdf)
 <use fig/back_tmp.pdf>
Package pdftex.def Info: fig/back_tmp.pdf used on input line 459.
(pdftex.def)             Requested size: 364.20192pt x 273.15337pt.

[48

] <fig/shelf.png, id=707, 406.51875pt x 284.56313pt>
File: fig/shelf.png Graphic file (type png)
 <use fig/shelf.png>
Package pdftex.def Info: fig/shelf.png used on input line 466.
(pdftex.def)             Requested size: 222.48985pt x 155.74165pt.
File: fig/back_tmp.pdf Graphic file (type pdf)

<use fig/back_tmp.pdf>
Package pdftex.def Info: fig/back_tmp.pdf used on input line 466.
(pdftex.def)             Requested size: 364.20192pt x 273.15337pt.
 [49

 <M:/presentations/EPA_exit/fig/shelf.png>]
<fig/CGEM.pdf, id=718, 722.7pt x 542.025pt>
File: fig/CGEM.pdf Graphic file (type pdf)
 <use fig/CGEM.pdf>
Package pdftex.def Info: fig/CGEM.pdf used on input line 472.
(pdftex.def)             Requested size: 290.9531pt x 195.30275pt.
File: fig/back_tmp.pdf Graphic file (type pdf)

<use fig/back_tmp.pdf>
Package pdftex.def Info: fig/back_tmp.pdf used on input line 472.
(pdftex.def)             Requested size: 364.20192pt x 273.15337pt.
 [50

 <M:/presentations/EPA_exit/fig/CGEM.pdf>]
<fig/CGEM-0dLogo-ST.jpg, id=766, 252.945pt x 144.54pt>
File: fig/CGEM-0dLogo-ST.jpg Graphic file (type jpg)

<use fig/CGEM-0dLogo-ST.jpg>
Package pdftex.def Info: fig/CGEM-0dLogo-ST.jpg used on input line 490.
(pdftex.def)             Requested size: 102.68962pt x 58.67952pt.

<fig/fishmod.pdf, id=768, 612.51859pt x 273.67847pt>
File: fig/fishmod.pdf Graphic file (type pdf)
 <use fig/fishmod.pdf>
Package pdftex.def Info: fig/fishmod.pdf used on input line 490.
(pdftex.def)             Requested size: 290.9531pt x 130.00278pt.
File: fig/back_tmp.pdf Graphic file (type pdf)

<use fig/back_tmp.pdf>
Package pdftex.def Info: fig/back_tmp.pdf used on input line 490.
(pdftex.def)             Requested size: 364.20192pt x 273.15337pt.
 [51

 <M:/presentations/EPA_exit/fig/CGEM-0dLogo-ST.jpg> <M:/presentations/EPA_exit/
fig/fishmod.pdf

pdfTeX warning: pdflatex.exe (file M:/presentations/EPA_exit/fig/fishmod.pdf): 
PDF inclusion: multiple pdfs with page group included in a single page
>]
File: fig/back_tmp.pdf Graphic file (type pdf)
 <use fig/back_tmp.pdf>
Package pdftex.def Info: fig/back_tmp.pdf used on input line 498.
(pdftex.def)             Requested size: 364.20192pt x 273.15337pt.
 [52

]
File: fig/back_tmp.pdf Graphic file (type pdf)
 <use fig/back_tmp.pdf>
Package pdftex.def Info: fig/back_tmp.pdf used on input line 508.
(pdftex.def)             Requested size: 364.20192pt x 273.15337pt.
 [53

]
File: fig/back_tmp.pdf Graphic file (type pdf)

<use fig/back_tmp.pdf>
Package pdftex.def Info: fig/back_tmp.pdf used on input line 517.
(pdftex.def)             Requested size: 364.20192pt x 273.15337pt.
 [54

]
<fig/unnamed-chunk-2-1.pdf, id=825, 433.62pt x 289.08pt>
File: fig/unnamed-chunk-2-1.pdf Graphic file (type pdf)

<use fig/unnamed-chunk-2-1.pdf>
Package pdftex.def Info: fig/unnamed-chunk-2-1.pdf used on input line 566.
(pdftex.def)             Requested size: 171.14764pt x 114.09932pt.
File: fig/back_tmp.pdf Graphic file (type pdf)
 <use fig/back_tmp.pdf>
Package pdftex.def Info: fig/back_tmp.pdf used on input line 566.
(pdftex.def)             Requested size: 364.20192pt x 273.15337pt.
 [55

 <M:/presentations/EPA_exit/fig/unnamed-chunk-2-1.pdf>]
<fig/senstile.pdf, id=843, 505.89pt x 252.945pt>
File: fig/senstile.pdf Graphic file (type pdf)
 <use fig/senstile.pdf>
Package pdftex.def Info: fig/senstile.pdf used on input line 573.
(pdftex.def)             Requested size: 342.2953pt x 171.1512pt.
File: fig/back_tmp.pdf Graphic file (type pdf)

<use fig/back_tmp.pdf>
Package pdftex.def Info: fig/back_tmp.pdf used on input line 573.
(pdftex.def)             Requested size: 364.20192pt x 273.15337pt.
 [56

 <M:/presentations/EPA_exit/fig/senstile.pdf>]
<fig/areachg2.pdf, id=858, 505.89pt x 216.81pt>
File: fig/areachg2.pdf Graphic file (type pdf)
 <use fig/areachg2.pdf>
Package pdftex.def Info: fig/areachg2.pdf used on input line 582.
(pdftex.def)             Requested size: 342.2953pt x 146.70102pt.
File: fig/back_tmp.pdf Graphic file (type pdf)

<use fig/back_tmp.pdf>
Package pdftex.def Info: fig/back_tmp.pdf used on input line 582.
(pdftex.def)             Requested size: 364.20192pt x 273.15337pt.
 [57

 <M:/presentations/EPA_exit/fig/areachg2.pdf>]
<fig/areachg1.pdf, id=877, 505.89pt x 289.08pt>
File: fig/areachg1.pdf Graphic file (type pdf)
 <use fig/areachg1.pdf>
Package pdftex.def Info: fig/areachg1.pdf used on input line 587.
(pdftex.def)             Requested size: 342.2953pt x 195.60136pt.
File: fig/back_tmp.pdf Graphic file (type pdf)

<use fig/back_tmp.pdf>
Package pdftex.def Info: fig/back_tmp.pdf used on input line 587.
(pdftex.def)             Requested size: 364.20192pt x 273.15337pt.
 [58

 <M:/presentations/EPA_exit/fig/areachg1.pdf>]
File: fig/back_tmp.pdf Graphic file (type pdf)

<use fig/back_tmp.pdf>
Package pdftex.def Info: fig/back_tmp.pdf used on input line 598.
(pdftex.def)             Requested size: 364.20192pt x 273.15337pt.
 [59

]
<fig/fishtank_gui.png, id=897, 948.54375pt x 484.81125pt>
File: fig/fishtank_gui.png Graphic file (type png)

<use fig/fishtank_gui.png>
Package pdftex.def Info: fig/fishtank_gui.png used on input line 603.
(pdftex.def)             Requested size: 359.4111pt x 183.69756pt.
File: fig/back_tmp.pdf Graphic file (type pdf)
 <use fig/back_tmp.pdf>
Package pdftex.def Info: fig/back_tmp.pdf used on input line 603.
(pdftex.def)             Requested size: 364.20192pt x 273.15337pt.
 [60

 <M:/presentations/EPA_exit/fig/fishtank_gui.png>] <fig/pbeach.jpg, id=905, 650
.43pt x 351.3125pt>
File: fig/pbeach.jpg Graphic file (type jpg)

<use fig/pbeach.jpg>
Package pdftex.def Info: fig/pbeach.jpg used on input line 615.
(pdftex.def)             Requested size: 171.14764pt x 92.438pt.
 <fig/hbeach.jpg, id=906, 552.0625pt x 367.3725pt>
File: fig/hbeach.jpg Graphic file (type jpg)

<use fig/hbeach.jpg>
Package pdftex.def Info: fig/hbeach.jpg used on input line 615.
(pdftex.def)             Requested size: 171.14764pt x 92.36737pt.
File: fig/back_tmp.pdf Graphic file (type pdf)
 <use fig/back_tmp.pdf>
Package pdftex.def Info: fig/back_tmp.pdf used on input line 615.
(pdftex.def)             Requested size: 364.20192pt x 273.15337pt.
 [61

 <M:/presentations/EPA_exit/fig/hbeach.jpg> <M:/presentations/EPA_exit/fig/pbea
ch.jpg>]
File: fig/back_tmp.pdf Graphic file (type pdf)
 <use fig/back_tmp.pdf>
Package pdftex.def Info: fig/back_tmp.pdf used on input line 620.
(pdftex.def)             Requested size: 364.20192pt x 273.15337pt.

[62

]
File: fig/back_tmp.pdf Graphic file (type pdf)
 <use fig/back_tmp.pdf>
Package pdftex.def Info: fig/back_tmp.pdf used on input line 625.
(pdftex.def)             Requested size: 364.20192pt x 273.15337pt.
 [63

] (M:\presentations\EPA_exit\EPA_exit.bbl)
File: fig/back_tmp.pdf Graphic file (type pdf)

<use fig/back_tmp.pdf>
Package pdftex.def Info: fig/back_tmp.pdf used on input line 634.
(pdftex.def)             Requested size: 364.20192pt x 273.15337pt.
 [64

]
File: fig/back_tmp.pdf Graphic file (type pdf)
 <use fig/back_tmp.pdf>
Package pdftex.def Info: fig/back_tmp.pdf used on input line 634.
(pdftex.def)             Requested size: 364.20192pt x 273.15337pt.
Package atenddvi Info: Last page = 65.
 [65


]
\tf@nav=\write6
\tf@toc=\write7
\tf@snm=\write8
Package atveryend Info: Empty hook `BeforeClearDocument' on input line 636.
Package atveryend Info: Executing hook `AfterLastShipout' on input line 636.

(M:\presentations\EPA_exit\EPA_exit.aux)
Package atveryend Info: Executing hook `AtVeryEndDocument' on input line 636.
Package atveryend Info: Executing hook `AtEndAfterFileList' on input line 636.
Package rerunfilecheck Info: File `EPA_exit.out' has not changed.
(rerunfilecheck)             Checksum: 89BE5AB450479FF4F5DCD19002CFE11E;260.


LaTeX Font Warning: Size substitutions with differences
(Font)              up to 1.0pt have occurred.

Package atveryend Info: Empty hook `AtVeryVeryEnd' on input line 636.
 ) 
Here is how much of TeX's memory you used:
 32361 strings out of 493921
 666183 string characters out of 3147282
 723314 words of memory out of 3000000
 34872 multiletter control sequences out of 15000+200000
 13708 words of font info for 50 fonts, out of 3000000 for 9000
 841 hyphenation exceptions out of 8191
 48i,16n,82p,10378b,783s stack positions out of 5000i,500n,10000p,200000b,50000s
<C:/Program Files/MiKTeX 2.9/fonts/type1/public/amsfonts/cm/cmbx12.pfb><C:/Pr
ogram Files/MiKTeX 2.9/fonts/type1/public/amsfonts/cm/cmbxti10.pfb><C:/Program 
Files/MiKTeX 2.9/fonts/type1/public/amsfonts/cm/cmex10.pfb><C:/Program Files/Mi
KTeX 2.9/fonts/type1/public/amsfonts/cm/cmmi10.pfb><C:/Program Files/MiKTeX 2.9
/fonts/type1/public/amsfonts/cm/cmmi6.pfb><C:/Program Files/MiKTeX 2.9/fonts/ty
pe1/public/amsfonts/cm/cmmi8.pfb><C:/Program Files/MiKTeX 2.9/fonts/type1/publi
c/amsfonts/cm/cmr10.pfb><C:/Program Files/MiKTeX 2.9/fonts/type1/public/amsfont
s/cm/cmr12.pfb><C:/Program Files/MiKTeX 2.9/fonts/type1/public/amsfonts/cm/cmr6
.pfb><C:/Program Files/MiKTeX 2.9/fonts/type1/public/amsfonts/cm/cmr8.pfb><C:/P
rogram Files/MiKTeX 2.9/fonts/type1/public/amsfonts/cm/cmr9.pfb><C:/Program Fil
es/MiKTeX 2.9/fonts/type1/public/amsfonts/cm/cmsy10.pfb><C:/Program Files/MiKTe
X 2.9/fonts/type1/public/amsfonts/cm/cmti12.pfb><C:/Program Files/MiKTeX 2.9/fo
nts/type1/public/amsfonts/cm/cmti8.pfb><C:/Program Files/MiKTeX 2.9/fonts/type1
/public/amsfonts/cm/cmtt8.pfb>
Output written on EPA_exit.pdf (65 pages, 8121727 bytes).
PDF statistics:
 1023 PDF objects out of 1200 (max. 8388607)
 146 named destinations out of 1000 (max. 500000)
 479 words of extra memory for PDF output out of 10000 (max. 10000000)

